<?xml version="1.0" encoding="UTF-8"?>
<coverage generated="1785710027711" clover="3.2.0">
  <project timestamp="1785710027712" name="All files">
    <metrics statements="377" coveredstatements="310" conditionals="83" coveredconditionals="52" methods="40" coveredmethods="28" elements="500" coveredelements="390" complexity="0" loc="377" ncloc="377" packages="10" files="24" classes="24"/>
    <package name="scr">
      <metrics statements="29" coveredstatements="27" conditionals="0" coveredconditionals="0" methods="3" coveredmethods="1"/>
      <file name="app.js" path="C:\Users\Admin\Desktop\Tennesson\scr\app.js">
        <metrics statements="29" coveredstatements="27" conditionals="0" coveredconditionals="0" methods="3" coveredmethods="1"/>
        <line num="1" count="16" type="stmt"/>
        <line num="2" count="16" type="stmt"/>
        <line num="3" count="16" type="stmt"/>
        <line num="4" count="16" type="stmt"/>
        <line num="5" count="16" type="stmt"/>
        <line num="6" count="16" type="stmt"/>
        <line num="7" count="16" type="stmt"/>
        <line num="8" count="16" type="stmt"/>
        <line num="9" count="16" type="stmt"/>
        <line num="10" count="16" type="stmt"/>
        <line num="11" count="16" type="stmt"/>
        <line num="12" count="16" type="stmt"/>
        <line num="13" count="16" type="stmt"/>
        <line num="15" count="16" type="stmt"/>
        <line num="17" count="16" type="stmt"/>
        <line num="19" count="16" type="stmt"/>
        <line num="20" count="16" type="stmt"/>
        <line num="21" count="16" type="stmt"/>
        <line num="22" count="16" type="stmt"/>
        <line num="24" count="16" type="stmt"/>
        <line num="25" count="0" type="stmt"/>
        <line num="32" count="16" type="stmt"/>
        <line num="35" count="16" type="stmt"/>
        <line num="36" count="32" type="stmt"/>
        <line num="39" count="16" type="stmt"/>
        <line num="40" count="0" type="stmt"/>
        <line num="45" count="16" type="stmt"/>
        <line num="47" count="16" type="stmt"/>
        <line num="49" count="16" type="stmt"/>
      </file>
    </package>
    <package name="scr.config">
      <metrics statements="7" coveredstatements="6" conditionals="2" coveredconditionals="1" methods="1" coveredmethods="1"/>
      <file name="env.js" path="C:\Users\Admin\Desktop\Tennesson\scr\config\env.js">
        <metrics statements="4" coveredstatements="3" conditionals="2" coveredconditionals="1" methods="1" coveredmethods="1"/>
        <line num="1" count="16" type="stmt"/>
        <line num="3" count="16" type="stmt"/>
        <line num="4" count="48" type="cond" truecount="1" falsecount="1"/>
        <line num="5" count="0" type="stmt"/>
      </file>
      <file name="swagger.js" path="C:\Users\Admin\Desktop\Tennesson\scr\config\swagger.js">
        <metrics statements="3" coveredstatements="3" conditionals="0" coveredconditionals="0" methods="0" coveredmethods="0"/>
        <line num="1" count="16" type="stmt"/>
        <line num="5" count="16" type="stmt"/>
        <line num="89" count="16" type="stmt"/>
      </file>
    </package>
    <package name="scr.confiq">
      <metrics statements="10" coveredstatements="8" conditionals="4" coveredconditionals="2" methods="1" coveredmethods="1"/>
      <file name="Db.js" path="C:\Users\Admin\Desktop\Tennesson\scr\confiq\Db.js">
        <metrics statements="10" coveredstatements="8" conditionals="4" coveredconditionals="2" methods="1" coveredmethods="1"/>
        <line num="1" count="16" type="stmt"/>
        <line num="2" count="16" type="stmt"/>
        <line num="5" count="16" type="cond" truecount="1" falsecount="1"/>
        <line num="9" count="16" type="stmt"/>
        <line num="10" count="16" type="stmt"/>
        <line num="11" count="16" type="stmt"/>
        <line num="12" count="16" type="stmt"/>
        <line num="16" count="0" type="stmt"/>
        <line num="17" count="0" type="stmt"/>
        <line num="21" count="16" type="stmt"/>
      </file>
    </package>
    <package name="scr.controllers">
      <metrics statements="154" coveredstatements="99" conditionals="49" coveredconditionals="29" methods="17" coveredmethods="10"/>
      <file name="authController.js" path="C:\Users\Admin\Desktop\Tennesson\scr\controllers\authController.js">
        <metrics statements="31" coveredstatements="28" conditionals="15" coveredconditionals="14" methods="2" coveredmethods="2"/>
        <line num="1" count="16" type="stmt"/>
        <line num="2" count="16" type="stmt"/>
        <line num="3" count="16" type="stmt"/>
        <line num="4" count="16" type="stmt"/>
        <line num="6" count="16" type="stmt"/>
        <line num="7" count="13" type="stmt"/>
        <line num="8" count="13" type="stmt"/>
        <line num="10" count="13" type="cond" truecount="5" falsecount="0"/>
        <line num="11" count="2" type="stmt"/>
        <line num="17" count="11" type="stmt"/>
        <line num="19" count="11" type="cond" truecount="2" falsecount="0"/>
        <line num="20" count="1" type="stmt"/>
        <line num="26" count="10" type="stmt"/>
        <line num="28" count="10" type="stmt"/>
        <line num="34" count="10" type="stmt"/>
        <line num="46" count="10" type="stmt"/>
        <line num="58" count="0" type="stmt"/>
        <line num="65" count="16" type="stmt"/>
        <line num="66" count="54" type="stmt"/>
        <line num="67" count="54" type="stmt"/>
        <line num="70" count="54" type="cond" truecount="4" falsecount="0"/>
        <line num="71" count="1" type="stmt"/>
        <line num="78" count="53" type="stmt"/>
        <line num="82" count="53" type="cond" truecount="2" falsecount="0"/>
        <line num="83" count="5" type="stmt"/>
        <line num="90" count="48" type="stmt"/>
        <line num="92" count="48" type="cond" truecount="1" falsecount="1"/>
        <line num="93" count="0" type="stmt"/>
        <line num="99" count="48" type="stmt"/>
        <line num="101" count="48" type="stmt"/>
        <line num="113" count="0" type="stmt"/>
      </file>
      <file name="studentcontroller.js" path="C:\Users\Admin\Desktop\Tennesson\scr\controllers\studentcontroller.js">
        <metrics statements="123" coveredstatements="71" conditionals="34" coveredconditionals="15" methods="15" coveredmethods="8"/>
        <line num="1" count="16" type="stmt"/>
        <line num="2" count="16" type="stmt"/>
        <line num="3" count="16" type="stmt"/>
        <line num="4" count="16" type="stmt"/>
        <line num="5" count="16" type="stmt"/>
        <line num="6" count="16" type="stmt"/>
        <line num="7" count="16" type="stmt"/>
        <line num="8" count="16" type="stmt"/>
        <line num="10" count="16" type="stmt"/>
        <line num="21" count="22" type="stmt"/>
        <line num="23" count="22" type="stmt"/>
        <line num="34" count="22" type="cond" truecount="1" falsecount="1"/>
        <line num="35" count="0" type="stmt"/>
        <line num="36" count="0" type="stmt"/>
        <line num="39" count="22" type="stmt"/>
        <line num="42" count="22" type="stmt"/>
        <line num="58" count="22" type="stmt"/>
        <line num="65" count="22" type="stmt"/>
        <line num="72" count="16" type="stmt"/>
        <line num="73" count="3" type="cond" truecount="2" falsecount="0"/>
        <line num="74" count="3" type="cond" truecount="2" falsecount="0"/>
        <line num="76" count="3" type="stmt"/>
        <line num="78" count="3" type="stmt"/>
        <line num="82" count="3" type="stmt"/>
        <line num="86" count="3" type="stmt"/>
        <line num="98" count="16" type="stmt"/>
        <line num="99" count="1" type="stmt"/>
        <line num="101" count="1" type="stmt"/>
        <line num="108" count="1" type="cond" truecount="1" falsecount="1"/>
        <line num="109" count="0" type="stmt"/>
        <line num="110" count="0" type="stmt"/>
        <line num="113" count="1" type="stmt"/>
        <line num="119" count="16" type="stmt"/>
        <line num="120" count="3" type="stmt"/>
        <line num="122" count="3" type="stmt"/>
        <line num="124" count="3" type="stmt"/>
        <line num="136" count="3" type="cond" truecount="2" falsecount="0"/>
        <line num="137" count="1" type="stmt"/>
        <line num="138" count="1" type="stmt"/>
        <line num="141" count="2" type="stmt"/>
        <line num="148" count="2" type="stmt"/>
        <line num="155" count="16" type="stmt"/>
        <line num="156" count="2" type="stmt"/>
        <line num="158" count="2" type="stmt"/>
        <line num="164" count="2" type="cond" truecount="2" falsecount="0"/>
        <line num="165" count="1" type="stmt"/>
        <line num="166" count="1" type="stmt"/>
        <line num="169" count="1" type="stmt"/>
        <line num="176" count="1" type="stmt"/>
        <line num="178" count="1" type="stmt"/>
        <line num="184" count="16" type="stmt"/>
        <line num="185" count="0" type="stmt"/>
        <line num="187" count="0" type="stmt"/>
        <line num="200" count="0" type="stmt"/>
        <line num="206" count="0" type="cond" truecount="0" falsecount="2"/>
        <line num="207" count="0" type="stmt"/>
        <line num="208" count="0" type="stmt"/>
        <line num="212" count="16" type="stmt"/>
        <line num="213" count="0" type="stmt"/>
        <line num="219" count="0" type="stmt"/>
        <line num="226" count="16" type="stmt"/>
        <line num="227" count="3" type="stmt"/>
        <line num="229" count="3" type="stmt"/>
        <line num="233" count="3" type="stmt"/>
        <line num="235" count="3" type="cond" truecount="4" falsecount="0"/>
        <line num="236" count="2" type="stmt"/>
        <line num="244" count="1" type="stmt"/>
        <line num="258" count="16" type="stmt"/>
        <line num="259" count="1" type="stmt"/>
        <line num="261" count="1" type="stmt"/>
        <line num="265" count="1" type="stmt"/>
        <line num="269" count="1" type="stmt"/>
        <line num="274" count="1" type="stmt"/>
        <line num="279" count="1" type="stmt"/>
        <line num="284" count="1" type="stmt"/>
        <line num="298" count="16" type="stmt"/>
        <line num="299" count="0" type="stmt"/>
        <line num="301" count="0" type="stmt"/>
        <line num="303" count="0" type="stmt"/>
        <line num="305" count="0" type="stmt"/>
        <line num="308" count="0" type="stmt"/>
        <line num="310" count="0" type="stmt"/>
        <line num="311" count="0" type="stmt"/>
        <line num="313" count="0" type="stmt"/>
        <line num="324" count="0" type="stmt"/>
        <line num="327" count="0" type="cond" truecount="0" falsecount="2"/>
        <line num="335" count="0" type="stmt"/>
        <line num="340" count="0" type="stmt"/>
        <line num="344" count="0" type="cond" truecount="0" falsecount="2"/>
        <line num="345" count="0" type="stmt"/>
        <line num="354" count="0" type="stmt"/>
        <line num="358" count="0" type="stmt"/>
        <line num="369" count="0" type="cond" truecount="0" falsecount="2"/>
        <line num="370" count="0" type="stmt"/>
        <line num="380" count="0" type="stmt"/>
        <line num="384" count="0" type="stmt"/>
        <line num="387" count="0" type="stmt"/>
        <line num="403" count="0" type="stmt"/>
        <line num="411" count="0" type="stmt"/>
        <line num="417" count="0" type="stmt"/>
        <line num="430" count="16" type="stmt"/>
        <line num="432" count="0" type="stmt"/>
        <line num="439" count="0" type="stmt"/>
        <line num="454" count="0" type="stmt"/>
        <line num="457" count="0" type="stmt"/>
        <line num="460" count="0" type="stmt"/>
        <line num="463" count="0" type="stmt"/>
        <line num="465" count="0" type="stmt"/>
        <line num="467" count="0" type="stmt"/>
        <line num="474" count="0" type="stmt"/>
        <line num="477" count="16" type="stmt"/>
        <line num="478" count="0" type="stmt"/>
        <line num="482" count="0" type="stmt"/>
        <line num="491" count="16" type="stmt"/>
        <line num="492" count="1" type="stmt"/>
        <line num="496" count="1" type="cond" truecount="1" falsecount="1"/>
        <line num="497" count="0" type="stmt"/>
        <line num="503" count="1" type="stmt"/>
        <line num="508" count="16" type="stmt"/>
        <line num="509" count="0" type="stmt"/>
        <line num="514" count="0" type="cond" truecount="0" falsecount="2"/>
        <line num="515" count="0" type="stmt"/>
        <line num="522" count="0" type="stmt"/>
      </file>
    </package>
    <package name="scr.middleware">
      <metrics statements="45" coveredstatements="38" conditionals="18" coveredconditionals="13" methods="11" coveredmethods="8"/>
      <file name="authMiddleware.js" path="C:\Users\Admin\Desktop\Tennesson\scr\middleware\authMiddleware.js">
        <metrics statements="15" coveredstatements="14" conditionals="8" coveredconditionals="7" methods="1" coveredmethods="1"/>
        <line num="1" count="16" type="stmt"/>
        <line num="2" count="16" type="stmt"/>
        <line num="4" count="16" type="stmt"/>
        <line num="5" count="63" type="stmt"/>
        <line num="8" count="63" type="cond" truecount="2" falsecount="0"/>
        <line num="12" count="59" type="stmt"/>
        <line num="15" count="63" type="cond" truecount="2" falsecount="0"/>
        <line num="16" count="4" type="stmt"/>
        <line num="22" count="59" type="stmt"/>
        <line num="24" count="55" type="stmt"/>
        <line num="26" count="55" type="cond" truecount="1" falsecount="1"/>
        <line num="27" count="0" type="stmt"/>
        <line num="33" count="55" type="stmt"/>
        <line num="35" count="55" type="stmt"/>
        <line num="37" count="4" type="stmt"/>
      </file>
      <file name="authorize.js" path="C:\Users\Admin\Desktop\Tennesson\scr\middleware\authorize.js">
        <metrics statements="5" coveredstatements="5" conditionals="2" coveredconditionals="2" methods="2" coveredmethods="2"/>
        <line num="1" count="16" type="stmt"/>
        <line num="2" count="16" type="stmt"/>
        <line num="4" count="16" type="cond" truecount="2" falsecount="0"/>
        <line num="5" count="3" type="stmt"/>
        <line num="11" count="13" type="stmt"/>
      </file>
      <file name="errorHandler.js" path="C:\Users\Admin\Desktop\Tennesson\scr\middleware\errorHandler.js">
        <metrics statements="3" coveredstatements="3" conditionals="4" coveredconditionals="2" methods="1" coveredmethods="1"/>
        <line num="1" count="16" type="stmt"/>
        <line num="2" count="5" type="cond" truecount="1" falsecount="1"/>
        <line num="4" count="5" type="stmt"/>
      </file>
      <file name="rateLimiter.js" path="C:\Users\Admin\Desktop\Tennesson\scr\middleware\rateLimiter.js">
        <metrics statements="4" coveredstatements="4" conditionals="0" coveredconditionals="0" methods="1" coveredmethods="1"/>
        <line num="1" count="16" type="stmt"/>
        <line num="3" count="16" type="stmt"/>
        <line num="15" count="16" type="stmt"/>
        <line num="27" count="6" type="stmt"/>
      </file>
      <file name="uploadMiddlewear.js" path="C:\Users\Admin\Desktop\Tennesson\scr\middleware\uploadMiddlewear.js">
        <metrics statements="10" coveredstatements="4" conditionals="2" coveredconditionals="0" methods="3" coveredmethods="0"/>
        <line num="1" count="16" type="stmt"/>
        <line num="3" count="16" type="stmt"/>
        <line num="5" count="0" type="stmt"/>
        <line num="9" count="0" type="stmt"/>
        <line num="13" count="16" type="stmt"/>
        <line num="16" count="0" type="stmt"/>
        <line num="21" count="0" type="cond" truecount="0" falsecount="2"/>
        <line num="22" count="0" type="stmt"/>
        <line num="24" count="0" type="stmt"/>
        <line num="29" count="16" type="stmt"/>
      </file>
      <file name="validateRequest.js" path="C:\Users\Admin\Desktop\Tennesson\scr\middleware\validateRequest.js">
        <metrics statements="8" coveredstatements="8" conditionals="2" coveredconditionals="2" methods="3" coveredmethods="3"/>
        <line num="1" count="16" type="stmt"/>
        <line num="2" count="16" type="stmt"/>
        <line num="3" count="25" type="stmt"/>
        <line num="8" count="25" type="cond" truecount="2" falsecount="0"/>
        <line num="9" count="3" type="stmt"/>
        <line num="10" count="3" type="stmt"/>
        <line num="12" count="3" type="stmt"/>
        <line num="17" count="22" type="stmt"/>
      </file>
    </package>
    <package name="scr.models">
      <metrics statements="16" coveredstatements="16" conditionals="2" coveredconditionals="2" methods="0" coveredmethods="0"/>
      <file name="Admin.js" path="C:\Users\Admin\Desktop\Tennesson\scr\models\Admin.js">
        <metrics statements="4" coveredstatements="4" conditionals="2" coveredconditionals="2" methods="0" coveredmethods="0"/>
        <line num="1" count="16" type="stmt"/>
        <line num="3" count="16" type="stmt"/>
        <line num="37" count="16" type="cond" truecount="2" falsecount="0"/>
        <line num="39" count="16" type="stmt"/>
      </file>
      <file name="activityLog.js" path="C:\Users\Admin\Desktop\Tennesson\scr\models\activityLog.js">
        <metrics statements="4" coveredstatements="4" conditionals="0" coveredconditionals="0" methods="0" coveredmethods="0"/>
        <line num="1" count="16" type="stmt"/>
        <line num="3" count="16" type="stmt"/>
        <line num="31" count="16" type="stmt"/>
        <line num="33" count="16" type="stmt"/>
      </file>
      <file name="counter.js" path="C:\Users\Admin\Desktop\Tennesson\scr\models\counter.js">
        <metrics statements="4" coveredstatements="4" conditionals="0" coveredconditionals="0" methods="0" coveredmethods="0"/>
        <line num="1" count="16" type="stmt"/>
        <line num="3" count="16" type="stmt"/>
        <line num="15" count="16" type="stmt"/>
        <line num="16" count="16" type="stmt"/>
      </file>
      <file name="student.js" path="C:\Users\Admin\Desktop\Tennesson\scr\models\student.js">
        <metrics statements="4" coveredstatements="4" conditionals="0" coveredconditionals="0" methods="0" coveredmethods="0"/>
        <line num="1" count="16" type="stmt"/>
        <line num="3" count="16" type="stmt"/>
        <line num="91" count="16" type="stmt"/>
        <line num="92" count="16" type="stmt"/>
      </file>
    </package>
    <package name="scr.routes">
      <metrics statements="31" coveredstatements="31" conditionals="2" coveredconditionals="2" methods="0" coveredmethods="0"/>
      <file name="authRoute.js" path="C:\Users\Admin\Desktop\Tennesson\scr\routes\authRoute.js">
        <metrics statements="9" coveredstatements="9" conditionals="2" coveredconditionals="2" methods="0" coveredmethods="0"/>
        <line num="1" count="16" type="stmt"/>
        <line num="2" count="16" type="stmt"/>
        <line num="3" count="16" type="stmt"/>
        <line num="4" count="16" type="stmt"/>
        <line num="5" count="16" type="stmt"/>
        <line num="7" count="16" type="stmt"/>
        <line num="8" count="16" type="stmt"/>
        <line num="16" count="16" type="stmt"/>
        <line num="172" count="16" type="stmt"/>
      </file>
      <file name="studentsRoutes.js" path="C:\Users\Admin\Desktop\Tennesson\scr\routes\studentsRoutes.js">
        <metrics statements="22" coveredstatements="22" conditionals="0" coveredconditionals="0" methods="0" coveredmethods="0"/>
        <line num="1" count="16" type="stmt"/>
        <line num="17" count="16" type="stmt"/>
        <line num="18" count="16" type="stmt"/>
        <line num="19" count="16" type="stmt"/>
        <line num="20" count="16" type="stmt"/>
        <line num="21" count="16" type="stmt"/>
        <line num="23" count="16" type="stmt"/>
        <line num="25" count="16" type="stmt"/>
        <line num="31" count="16" type="stmt"/>
        <line num="78" count="16" type="stmt"/>
        <line num="79" count="16" type="stmt"/>
        <line num="80" count="16" type="stmt"/>
        <line num="81" count="16" type="stmt"/>
        <line num="82" count="16" type="stmt"/>
        <line num="126" count="16" type="stmt"/>
        <line num="127" count="16" type="stmt"/>
        <line num="152" count="16" type="stmt"/>
        <line num="191" count="16" type="stmt"/>
        <line num="216" count="16" type="stmt"/>
        <line num="217" count="16" type="stmt"/>
        <line num="218" count="16" type="stmt"/>
        <line num="220" count="16" type="stmt"/>
      </file>
    </package>
    <package name="scr.test.helpers">
      <metrics statements="16" coveredstatements="16" conditionals="0" coveredconditionals="0" methods="1" coveredmethods="1"/>
      <file name="setupAdmin.js" path="C:\Users\Admin\Desktop\Tennesson\scr\test\helpers\setupAdmin.js">
        <metrics statements="16" coveredstatements="16" conditionals="0" coveredconditionals="0" methods="1" coveredmethods="1"/>
        <line num="1" count="3" type="stmt"/>
        <line num="2" count="3" type="stmt"/>
        <line num="3" count="3" type="stmt"/>
        <line num="4" count="3" type="stmt"/>
        <line num="6" count="3" type="stmt"/>
        <line num="8" count="6" type="stmt"/>
        <line num="10" count="6" type="stmt"/>
        <line num="12" count="6" type="stmt"/>
        <line num="19" count="6" type="stmt"/>
        <line num="26" count="6" type="stmt"/>
        <line num="29" count="6" type="stmt"/>
        <line num="31" count="6" type="stmt"/>
        <line num="41" count="6" type="stmt"/>
        <line num="48" count="6" type="stmt"/>
        <line num="50" count="6" type="stmt"/>
        <line num="54" count="3" type="stmt"/>
      </file>
    </package>
    <package name="scr.utils">
      <metrics statements="67" coveredstatements="67" conditionals="6" coveredconditionals="3" methods="6" coveredmethods="6"/>
      <file name="generateStudentId.js" path="C:\Users\Admin\Desktop\Tennesson\scr\utils\generateStudentId.js">
        <metrics statements="7" coveredstatements="7" conditionals="0" coveredconditionals="0" methods="1" coveredmethods="1"/>
        <line num="1" count="16" type="stmt"/>
        <line num="3" count="16" type="stmt"/>
        <line num="4" count="22" type="stmt"/>
        <line num="13" count="22" type="stmt"/>
        <line num="15" count="22" type="stmt"/>
        <line num="17" count="22" type="stmt"/>
        <line num="20" count="16" type="stmt"/>
      </file>
      <file name="generateStudentSlip.js" path="C:\Users\Admin\Desktop\Tennesson\scr\utils\generateStudentSlip.js">
        <metrics statements="52" coveredstatements="52" conditionals="4" coveredconditionals="3" methods="3" coveredmethods="3"/>
        <line num="1" count="16" type="stmt"/>
        <line num="2" count="16" type="stmt"/>
        <line num="3" count="16" type="stmt"/>
        <line num="5" count="16" type="stmt"/>
        <line num="6" count="1" type="stmt"/>
        <line num="11" count="1" type="stmt"/>
        <line num="12" count="1" type="stmt"/>
        <line num="17" count="1" type="stmt"/>
        <line num="23" count="1" type="stmt"/>
        <line num="24" count="2" type="stmt"/>
        <line num="30" count="1" type="stmt"/>
        <line num="31" count="9" type="stmt"/>
        <line num="38" count="9" type="stmt"/>
        <line num="42" count="9" type="stmt"/>
        <line num="49" count="1" type="stmt"/>
        <line num="51" count="1" type="stmt"/>
        <line num="55" count="1" type="stmt"/>
        <line num="61" count="1" type="stmt"/>
        <line num="68" count="1" type="stmt"/>
        <line num="74" count="1" type="stmt"/>
        <line num="80" count="1" type="stmt"/>
        <line num="85" count="1" type="stmt"/>
        <line num="91" count="1" type="stmt"/>
        <line num="93" count="1" type="stmt"/>
        <line num="98" count="1" type="stmt"/>
        <line num="100" count="1" type="stmt"/>
        <line num="105" count="1" type="stmt"/>
        <line num="110" count="1" type="stmt"/>
        <line num="112" count="1" type="stmt"/>
        <line num="114" count="1" type="stmt"/>
        <line num="116" count="1" type="stmt"/>
        <line num="122" count="1" type="stmt"/>
        <line num="124" count="1" type="stmt"/>
        <line num="129" count="1" type="stmt"/>
        <line num="135" count="1" type="stmt"/>
        <line num="145" count="1" type="stmt"/>
        <line num="147" count="1" type="stmt"/>
        <line num="157" count="1" type="stmt"/>
        <line num="163" count="1" type="stmt"/>
        <line num="165" count="1" type="stmt"/>
        <line num="166" count="1" type="stmt"/>
        <line num="168" count="1" type="stmt"/>
        <line num="169" count="1" type="stmt"/>
        <line num="171" count="1" type="stmt"/>
        <line num="177" count="1" type="stmt"/>
        <line num="185" count="1" type="stmt"/>
        <line num="187" count="1" type="stmt"/>
        <line num="189" count="1" type="stmt"/>
        <line num="191" count="1" type="stmt"/>
        <line num="197" count="1" type="stmt"/>
        <line num="202" count="1" type="stmt"/>
        <line num="205" count="16" type="stmt"/>
      </file>
      <file name="generateToken.js" path="C:\Users\Admin\Desktop\Tennesson\scr\utils\generateToken.js">
        <metrics statements="4" coveredstatements="4" conditionals="0" coveredconditionals="0" methods="1" coveredmethods="1"/>
        <line num="1" count="16" type="stmt"/>
        <line num="3" count="16" type="stmt"/>
        <line num="4" count="48" type="stmt"/>
        <line num="16" count="16" type="stmt"/>
      </file>
      <file name="logActivity.js" path="C:\Users\Admin\Desktop\Tennesson\scr\utils\logActivity.js">
        <metrics statements="4" coveredstatements="4" conditionals="2" coveredconditionals="0" methods="1" coveredmethods="1"/>
        <line num="1" count="16" type="stmt"/>
        <line num="3" count="16" type="stmt"/>
        <line num="9" count="25" type="stmt"/>
        <line num="17" count="16" type="stmt"/>
      </file>
    </package>
    <package name="scr.validators">
      <metrics statements="2" coveredstatements="2" conditionals="0" coveredconditionals="0" methods="0" coveredmethods="0"/>
      <file name="studentValidator.js" path="C:\Users\Admin\Desktop\Tennesson\scr\validators\studentValidator.js">
        <metrics statements="2" coveredstatements="2" conditionals="0" coveredconditionals="0" methods="0" coveredmethods="0"/>
        <line num="1" count="16" type="stmt"/>
        <line num="3" count="16" type="stmt"/>
      </file>
    </package>
  </project>
</coverage>
