{"C:\\Users\\Admin\\Desktop\\Tennesson\\scr\\app.js": {"path":"C:\\Users\\Admin\\Desktop\\Tennesson\\scr\\app.js","statementMap":{"0":{"start":{"line":1,"column":18},"end":{"line":1,"column":47}},"1":{"start":{"line":2,"column":20},"end":{"line":2,"column":47}},"2":{"start":{"line":3,"column":16},"end":{"line":3,"column":34}},"3":{"start":{"line":4,"column":15},"end":{"line":4,"column":41}},"4":{"start":{"line":5,"column":0},"end":{"line":5,"column":24}},"5":{"start":{"line":6,"column":17},"end":{"line":6,"column":36}},"6":{"start":{"line":7,"column":13},"end":{"line":7,"column":28}},"7":{"start":{"line":8,"column":20},"end":{"line":8,"column":45}},"8":{"start":{"line":9,"column":25},"end":{"line":9,"column":61}},"9":{"start":{"line":10,"column":23},"end":{"line":10,"column":58}},"10":{"start":{"line":11,"column":15},"end":{"line":11,"column":32}},"11":{"start":{"line":12,"column":15},"end":{"line":12,"column":32}},"12":{"start":{"line":13,"column":20},"end":{"line":13,"column":42}},"13":{"start":{"line":15,"column":12},"end":{"line":15,"column":21}},"14":{"start":{"line":17,"column":0},"end":{"line":17,"column":16}},"15":{"start":{"line":19,"column":0},"end":{"line":19,"column":24}},"16":{"start":{"line":20,"column":0},"end":{"line":20,"column":18}},"17":{"start":{"line":21,"column":0},"end":{"line":21,"column":23}},"18":{"start":{"line":22,"column":0},"end":{"line":22,"column":23}},"19":{"start":{"line":24,"column":0},"end":{"line":30,"column":3}},"20":{"start":{"line":25,"column":2},"end":{"line":29,"column":5}},"21":{"start":{"line":32,"column":0},"end":{"line":32,"column":31}},"22":{"start":{"line":35,"column":0},"end":{"line":37,"column":3}},"23":{"start":{"line":36,"column":2},"end":{"line":36,"column":47}},"24":{"start":{"line":39,"column":0},"end":{"line":43,"column":3}},"25":{"start":{"line":40,"column":2},"end":{"line":42,"column":5}},"26":{"start":{"line":45,"column":0},"end":{"line":45,"column":22}},"27":{"start":{"line":47,"column":0},"end":{"line":47,"column":68}},"28":{"start":{"line":49,"column":0},"end":{"line":49,"column":21}}},"fnMap":{"0":{"name":"(anonymous_0)","decl":{"start":{"line":24,"column":19},"end":{"line":24,"column":20}},"loc":{"start":{"line":24,"column":33},"end":{"line":30,"column":1}},"line":24},"1":{"name":"(anonymous_1)","decl":{"start":{"line":35,"column":26},"end":{"line":35,"column":27}},"loc":{"start":{"line":35,"column":33},"end":{"line":37,"column":1}},"line":35},"2":{"name":"(anonymous_2)","decl":{"start":{"line":39,"column":13},"end":{"line":39,"column":14}},"loc":{"start":{"line":39,"column":27},"end":{"line":43,"column":1}},"line":39}},"branchMap":{},"s":{"0":16,"1":16,"2":16,"3":16,"4":16,"5":16,"6":16,"7":16,"8":16,"9":16,"10":16,"11":16,"12":16,"13":16,"14":16,"15":16,"16":16,"17":16,"18":16,"19":16,"20":0,"21":16,"22":16,"23":32,"24":16,"25":0,"26":16,"27":16,"28":16},"f":{"0":0,"1":32,"2":0},"b":{},"_coverageSchema":"1a1c01bbd47fc00a2c39e90264f33305004495a9","hash":"7920f1e00834760708d7fc01fa445b1fada0f4ee"}
,"C:\\Users\\Admin\\Desktop\\Tennesson\\scr\\config\\env.js": {"path":"C:\\Users\\Admin\\Desktop\\Tennesson\\scr\\config\\env.js","statementMap":{"0":{"start":{"line":1,"column":20},"end":{"line":1,"column":55}},"1":{"start":{"line":3,"column":0},"end":{"line":7,"column":3}},"2":{"start":{"line":4,"column":2},"end":{"line":6,"column":3}},"3":{"start":{"line":5,"column":4},"end":{"line":5,"column":74}}},"fnMap":{"0":{"name":"(anonymous_0)","decl":{"start":{"line":3,"column":20},"end":{"line":3,"column":21}},"loc":{"start":{"line":3,"column":34},"end":{"line":7,"column":1}},"line":3}},"branchMap":{"0":{"loc":{"start":{"line":4,"column":2},"end":{"line":6,"column":3}},"type":"if","locations":[{"start":{"line":4,"column":2},"end":{"line":6,"column":3}},{"start":{},"end":{}}],"line":4}},"s":{"0":16,"1":16,"2":48,"3":0},"f":{"0":48},"b":{"0":[0,48]},"_coverageSchema":"1a1c01bbd47fc00a2c39e90264f33305004495a9","hash":"28d7cd05d9196de7791fcece8e98cfe5f89fcbd4"}
,"C:\\Users\\Admin\\Desktop\\Tennesson\\scr\\config\\swagger.js": {"path":"C:\\Users\\Admin\\Desktop\\Tennesson\\scr\\config\\swagger.js","statementMap":{"0":{"start":{"line":1,"column":21},"end":{"line":1,"column":45}},"1":{"start":{"line":5,"column":16},"end":{"line":87,"column":1}},"2":{"start":{"line":89,"column":0},"end":{"line":89,"column":39}}},"fnMap":{},"branchMap":{},"s":{"0":16,"1":16,"2":16},"f":{},"b":{},"_coverageSchema":"1a1c01bbd47fc00a2c39e90264f33305004495a9","hash":"d5f32fdeb98ec98fef0aec92a513abe222388451"}
,"C:\\Users\\Admin\\Desktop\\Tennesson\\scr\\confiq\\Db.js": {"path":"C:\\Users\\Admin\\Desktop\\Tennesson\\scr\\confiq\\Db.js","statementMap":{"0":{"start":{"line":1,"column":17},"end":{"line":1,"column":36}},"1":{"start":{"line":2,"column":0},"end":{"line":2,"column":27}},"2":{"start":{"line":5,"column":2},"end":{"line":7,"column":27}},"3":{"start":{"line":9,"column":18},"end":{"line":19,"column":1}},"4":{"start":{"line":10,"column":2},"end":{"line":18,"column":3}},"5":{"start":{"line":11,"column":4},"end":{"line":11,"column":37}},"6":{"start":{"line":12,"column":4},"end":{"line":14,"column":6}},"7":{"start":{"line":16,"column":4},"end":{"line":16,"column":57}},"8":{"start":{"line":17,"column":4},"end":{"line":17,"column":20}},"9":{"start":{"line":21,"column":0},"end":{"line":21,"column":27}}},"fnMap":{"0":{"name":"(anonymous_0)","decl":{"start":{"line":9,"column":18},"end":{"line":9,"column":19}},"loc":{"start":{"line":9,"column":30},"end":{"line":19,"column":1}},"line":9}},"branchMap":{"0":{"loc":{"start":{"line":5,"column":2},"end":{"line":7,"column":27}},"type":"cond-expr","locations":[{"start":{"line":6,"column":6},"end":{"line":6,"column":32}},{"start":{"line":7,"column":6},"end":{"line":7,"column":27}}],"line":5},"1":{"loc":{"start":{"line":13,"column":28},"end":{"line":13,"column":65}},"type":"binary-expr","locations":[{"start":{"line":13,"column":28},"end":{"line":13,"column":48}},{"start":{"line":13,"column":52},"end":{"line":13,"column":65}}],"line":13}},"s":{"0":16,"1":16,"2":16,"3":16,"4":16,"5":16,"6":16,"7":0,"8":0,"9":16},"f":{"0":16},"b":{"0":[16,0],"1":[16,0]},"_coverageSchema":"1a1c01bbd47fc00a2c39e90264f33305004495a9","hash":"a1f99f32b11a72c3322e4703c346d022922461a5"}
,"C:\\Users\\Admin\\Desktop\\Tennesson\\scr\\controllers\\authController.js": {"path":"C:\\Users\\Admin\\Desktop\\Tennesson\\scr\\controllers\\authController.js","statementMap":{"0":{"start":{"line":1,"column":14},"end":{"line":1,"column":40}},"1":{"start":{"line":2,"column":15},"end":{"line":2,"column":32}},"2":{"start":{"line":3,"column":12},"end":{"line":3,"column":35}},"3":{"start":{"line":4,"column":22},"end":{"line":4,"column":55}},"4":{"start":{"line":6,"column":0},"end":{"line":63,"column":2}},"5":{"start":{"line":7,"column":2},"end":{"line":62,"column":3}},"6":{"start":{"line":8,"column":42},"end":{"line":8,"column":50}},"7":{"start":{"line":10,"column":4},"end":{"line":15,"column":5}},"8":{"start":{"line":11,"column":6},"end":{"line":14,"column":9}},"9":{"start":{"line":17,"column":26},"end":{"line":17,"column":56}},"10":{"start":{"line":19,"column":4},"end":{"line":24,"column":5}},"11":{"start":{"line":20,"column":6},"end":{"line":23,"column":9}},"12":{"start":{"line":26,"column":27},"end":{"line":26,"column":58}},"13":{"start":{"line":28,"column":18},"end":{"line":32,"column":6}},"14":{"start":{"line":34,"column":18},"end":{"line":44,"column":5}},"15":{"start":{"line":46,"column":4},"end":{"line":56,"column":7}},"16":{"start":{"line":58,"column":4},"end":{"line":61,"column":7}},"17":{"start":{"line":65,"column":0},"end":{"line":118,"column":2}},"18":{"start":{"line":66,"column":2},"end":{"line":117,"column":3}},"19":{"start":{"line":67,"column":32},"end":{"line":67,"column":40}},"20":{"start":{"line":70,"column":4},"end":{"line":75,"column":5}},"21":{"start":{"line":71,"column":6},"end":{"line":74,"column":9}},"22":{"start":{"line":78,"column":18},"end":{"line":80,"column":6}},"23":{"start":{"line":82,"column":4},"end":{"line":87,"column":5}},"24":{"start":{"line":83,"column":6},"end":{"line":86,"column":9}},"25":{"start":{"line":90,"column":20},"end":{"line":90,"column":66}},"26":{"start":{"line":92,"column":4},"end":{"line":97,"column":5}},"27":{"start":{"line":93,"column":6},"end":{"line":96,"column":9}},"28":{"start":{"line":99,"column":18},"end":{"line":99,"column":38}},"29":{"start":{"line":101,"column":4},"end":{"line":111,"column":7}},"30":{"start":{"line":113,"column":4},"end":{"line":116,"column":7}}},"fnMap":{"0":{"name":"(anonymous_0)","decl":{"start":{"line":6,"column":24},"end":{"line":6,"column":25}},"loc":{"start":{"line":6,"column":44},"end":{"line":63,"column":1}},"line":6},"1":{"name":"(anonymous_1)","decl":{"start":{"line":65,"column":21},"end":{"line":65,"column":22}},"loc":{"start":{"line":65,"column":41},"end":{"line":118,"column":1}},"line":65}},"branchMap":{"0":{"loc":{"start":{"line":10,"column":4},"end":{"line":15,"column":5}},"type":"if","locations":[{"start":{"line":10,"column":4},"end":{"line":15,"column":5}},{"start":{},"end":{}}],"line":10},"1":{"loc":{"start":{"line":10,"column":8},"end":{"line":10,"column":40}},"type":"binary-expr","locations":[{"start":{"line":10,"column":8},"end":{"line":10,"column":17}},{"start":{"line":10,"column":21},"end":{"line":10,"column":27}},{"start":{"line":10,"column":31},"end":{"line":10,"column":40}}],"line":10},"2":{"loc":{"start":{"line":19,"column":4},"end":{"line":24,"column":5}},"type":"if","locations":[{"start":{"line":19,"column":4},"end":{"line":24,"column":5}},{"start":{},"end":{}}],"line":19},"3":{"loc":{"start":{"line":70,"column":4},"end":{"line":75,"column":5}},"type":"if","locations":[{"start":{"line":70,"column":4},"end":{"line":75,"column":5}},{"start":{},"end":{}}],"line":70},"4":{"loc":{"start":{"line":70,"column":8},"end":{"line":70,"column":27}},"type":"binary-expr","locations":[{"start":{"line":70,"column":8},"end":{"line":70,"column":14}},{"start":{"line":70,"column":18},"end":{"line":70,"column":27}}],"line":70},"5":{"loc":{"start":{"line":82,"column":4},"end":{"line":87,"column":5}},"type":"if","locations":[{"start":{"line":82,"column":4},"end":{"line":87,"column":5}},{"start":{},"end":{}}],"line":82},"6":{"loc":{"start":{"line":92,"column":4},"end":{"line":97,"column":5}},"type":"if","locations":[{"start":{"line":92,"column":4},"end":{"line":97,"column":5}},{"start":{},"end":{}}],"line":92}},"s":{"0":16,"1":16,"2":16,"3":16,"4":16,"5":13,"6":13,"7":13,"8":2,"9":11,"10":11,"11":1,"12":10,"13":10,"14":10,"15":10,"16":0,"17":16,"18":54,"19":54,"20":54,"21":1,"22":53,"23":53,"24":5,"25":48,"26":48,"27":0,"28":48,"29":48,"30":0},"f":{"0":13,"1":54},"b":{"0":[2,11],"1":[13,12,11],"2":[1,10],"3":[1,53],"4":[54,53],"5":[5,48],"6":[0,48]},"_coverageSchema":"1a1c01bbd47fc00a2c39e90264f33305004495a9","hash":"6a4e82d011ffdbd5c2a60a4e6da7ab1c3704298e"}
,"C:\\Users\\Admin\\Desktop\\Tennesson\\scr\\controllers\\studentcontroller.js": {"path":"C:\\Users\\Admin\\Desktop\\Tennesson\\scr\\controllers\\studentcontroller.js","statementMap":{"0":{"start":{"line":1,"column":13},"end":{"line":1,"column":28}},"1":{"start":{"line":2,"column":11},"end":{"line":2,"column":24}},"2":{"start":{"line":3,"column":21},"end":{"line":3,"column":53}},"3":{"start":{"line":4,"column":16},"end":{"line":4,"column":44}},"4":{"start":{"line":5,"column":26},"end":{"line":5,"column":63}},"5":{"start":{"line":6,"column":20},"end":{"line":6,"column":51}},"6":{"start":{"line":7,"column":20},"end":{"line":7,"column":52}},"7":{"start":{"line":8,"column":28},"end":{"line":8,"column":67}},"8":{"start":{"line":10,"column":0},"end":{"line":70,"column":3}},"9":{"start":{"line":21,"column":6},"end":{"line":21,"column":14}},"10":{"start":{"line":23,"column":26},"end":{"line":32,"column":4}},"11":{"start":{"line":34,"column":2},"end":{"line":37,"column":3}},"12":{"start":{"line":35,"column":4},"end":{"line":35,"column":20}},"13":{"start":{"line":36,"column":4},"end":{"line":36,"column":68}},"14":{"start":{"line":39,"column":20},"end":{"line":39,"column":45}},"15":{"start":{"line":42,"column":18},"end":{"line":56,"column":4}},"16":{"start":{"line":58,"column":2},"end":{"line":63,"column":5}},"17":{"start":{"line":65,"column":2},"end":{"line":69,"column":5}},"18":{"start":{"line":72,"column":0},"end":{"line":96,"column":3}},"19":{"start":{"line":73,"column":15},"end":{"line":73,"column":42}},"20":{"start":{"line":74,"column":16},"end":{"line":74,"column":45}},"21":{"start":{"line":76,"column":15},"end":{"line":76,"column":33}},"22":{"start":{"line":78,"column":19},"end":{"line":80,"column":17}},"23":{"start":{"line":82,"column":24},"end":{"line":84,"column":4}},"24":{"start":{"line":86,"column":2},"end":{"line":95,"column":5}},"25":{"start":{"line":98,"column":0},"end":{"line":117,"column":3}},"26":{"start":{"line":99,"column":24},"end":{"line":99,"column":34}},"27":{"start":{"line":101,"column":18},"end":{"line":106,"column":49}},"28":{"start":{"line":108,"column":2},"end":{"line":111,"column":3}},"29":{"start":{"line":109,"column":4},"end":{"line":109,"column":20}},"30":{"start":{"line":110,"column":4},"end":{"line":110,"column":42}},"31":{"start":{"line":113,"column":2},"end":{"line":116,"column":5}},"32":{"start":{"line":119,"column":0},"end":{"line":153,"column":3}},"33":{"start":{"line":120,"column":24},"end":{"line":120,"column":34}},"34":{"start":{"line":122,"column":2},"end":{"line":122,"column":28}},"35":{"start":{"line":124,"column":18},"end":{"line":134,"column":3}},"36":{"start":{"line":136,"column":2},"end":{"line":139,"column":3}},"37":{"start":{"line":137,"column":4},"end":{"line":137,"column":20}},"38":{"start":{"line":138,"column":4},"end":{"line":138,"column":42}},"39":{"start":{"line":141,"column":2},"end":{"line":146,"column":5}},"40":{"start":{"line":148,"column":2},"end":{"line":152,"column":5}},"41":{"start":{"line":155,"column":0},"end":{"line":182,"column":3}},"42":{"start":{"line":156,"column":24},"end":{"line":156,"column":34}},"43":{"start":{"line":158,"column":18},"end":{"line":162,"column":3}},"44":{"start":{"line":164,"column":2},"end":{"line":167,"column":3}},"45":{"start":{"line":165,"column":4},"end":{"line":165,"column":20}},"46":{"start":{"line":166,"column":4},"end":{"line":166,"column":42}},"47":{"start":{"line":169,"column":2},"end":{"line":174,"column":5}},"48":{"start":{"line":176,"column":2},"end":{"line":176,"column":28}},"49":{"start":{"line":178,"column":2},"end":{"line":181,"column":5}},"50":{"start":{"line":184,"column":0},"end":{"line":210,"column":3}},"51":{"start":{"line":185,"column":24},"end":{"line":185,"column":34}},"52":{"start":{"line":187,"column":18},"end":{"line":198,"column":3}},"53":{"start":{"line":200,"column":2},"end":{"line":205,"column":5}},"54":{"start":{"line":206,"column":2},"end":{"line":209,"column":3}},"55":{"start":{"line":207,"column":4},"end":{"line":207,"column":20}},"56":{"start":{"line":208,"column":4},"end":{"line":208,"column":60}},"57":{"start":{"line":212,"column":0},"end":{"line":224,"column":3}},"58":{"start":{"line":213,"column":19},"end":{"line":217,"column":4}},"59":{"start":{"line":219,"column":2},"end":{"line":223,"column":5}},"60":{"start":{"line":226,"column":0},"end":{"line":256,"column":2}},"61":{"start":{"line":227,"column":2},"end":{"line":227,"column":50}},"62":{"start":{"line":229,"column":18},"end":{"line":231,"column":4}},"63":{"start":{"line":233,"column":2},"end":{"line":233,"column":41}},"64":{"start":{"line":235,"column":2},"end":{"line":242,"column":3}},"65":{"start":{"line":236,"column":4},"end":{"line":241,"column":7}},"66":{"start":{"line":244,"column":2},"end":{"line":255,"column":5}},"67":{"start":{"line":258,"column":0},"end":{"line":296,"column":3}},"68":{"start":{"line":259,"column":24},"end":{"line":259,"column":54}},"69":{"start":{"line":261,"column":25},"end":{"line":263,"column":4}},"70":{"start":{"line":265,"column":27},"end":{"line":267,"column":4}},"71":{"start":{"line":269,"column":23},"end":{"line":272,"column":4}},"72":{"start":{"line":274,"column":25},"end":{"line":277,"column":4}},"73":{"start":{"line":279,"column":25},"end":{"line":282,"column":13}},"74":{"start":{"line":284,"column":2},"end":{"line":295,"column":5}},"75":{"start":{"line":298,"column":0},"end":{"line":428,"column":3}},"76":{"start":{"line":299,"column":19},"end":{"line":299,"column":47}},"77":{"start":{"line":301,"column":20},"end":{"line":301,"column":42}},"78":{"start":{"line":303,"column":20},"end":{"line":303,"column":46}},"79":{"start":{"line":305,"column":19},"end":{"line":305,"column":54}},"80":{"start":{"line":308,"column":2},"end":{"line":308,"column":31}},"81":{"start":{"line":310,"column":27},"end":{"line":310,"column":29}},"82":{"start":{"line":311,"column":26},"end":{"line":311,"column":28}},"83":{"start":{"line":313,"column":2},"end":{"line":410,"column":3}},"84":{"start":{"line":324,"column":8},"end":{"line":324,"column":15}},"85":{"start":{"line":327,"column":4},"end":{"line":341,"column":5}},"86":{"start":{"line":335,"column":6},"end":{"line":338,"column":9}},"87":{"start":{"line":340,"column":6},"end":{"line":340,"column":15}},"88":{"start":{"line":344,"column":4},"end":{"line":355,"column":5}},"89":{"start":{"line":345,"column":6},"end":{"line":352,"column":9}},"90":{"start":{"line":354,"column":6},"end":{"line":354,"column":15}},"91":{"start":{"line":358,"column":28},"end":{"line":367,"column":6}},"92":{"start":{"line":369,"column":4},"end":{"line":381,"column":5}},"93":{"start":{"line":370,"column":6},"end":{"line":378,"column":9}},"94":{"start":{"line":380,"column":6},"end":{"line":380,"column":15}},"95":{"start":{"line":384,"column":22},"end":{"line":384,"column":47}},"96":{"start":{"line":387,"column":23},"end":{"line":400,"column":6}},"97":{"start":{"line":403,"column":4},"end":{"line":409,"column":7}},"98":{"start":{"line":411,"column":2},"end":{"line":415,"column":5}},"99":{"start":{"line":417,"column":2},"end":{"line":427,"column":5}},"100":{"start":{"line":430,"column":0},"end":{"line":475,"column":3}},"101":{"start":{"line":432,"column":19},"end":{"line":436,"column":28}},"102":{"start":{"line":439,"column":15},"end":{"line":451,"column":5}},"103":{"start":{"line":439,"column":42},"end":{"line":451,"column":3}},"104":{"start":{"line":454,"column":19},"end":{"line":454,"column":40}},"105":{"start":{"line":457,"column":20},"end":{"line":457,"column":50}},"106":{"start":{"line":460,"column":2},"end":{"line":460,"column":64}},"107":{"start":{"line":463,"column":19},"end":{"line":463,"column":42}},"108":{"start":{"line":465,"column":2},"end":{"line":465,"column":37}},"109":{"start":{"line":467,"column":2},"end":{"line":471,"column":5}},"110":{"start":{"line":474,"column":2},"end":{"line":474,"column":42}},"111":{"start":{"line":477,"column":0},"end":{"line":487,"column":3}},"112":{"start":{"line":478,"column":15},"end":{"line":480,"column":28}},"113":{"start":{"line":482,"column":2},"end":{"line":486,"column":5}},"114":{"start":{"line":491,"column":0},"end":{"line":504,"column":3}},"115":{"start":{"line":492,"column":18},"end":{"line":494,"column":4}},"116":{"start":{"line":496,"column":2},"end":{"line":501,"column":3}},"117":{"start":{"line":497,"column":4},"end":{"line":500,"column":7}},"118":{"start":{"line":503,"column":2},"end":{"line":503,"column":42}},"119":{"start":{"line":508,"column":0},"end":{"line":533,"column":3}},"120":{"start":{"line":509,"column":18},"end":{"line":512,"column":4}},"121":{"start":{"line":514,"column":2},"end":{"line":520,"column":3}},"122":{"start":{"line":515,"column":4},"end":{"line":519,"column":7}},"123":{"start":{"line":522,"column":2},"end":{"line":532,"column":5}}},"fnMap":{"0":{"name":"(anonymous_0)","decl":{"start":{"line":10,"column":37},"end":{"line":10,"column":38}},"loc":{"start":{"line":10,"column":57},"end":{"line":70,"column":1}},"line":10},"1":{"name":"(anonymous_1)","decl":{"start":{"line":72,"column":35},"end":{"line":72,"column":36}},"loc":{"start":{"line":72,"column":55},"end":{"line":96,"column":1}},"line":72},"2":{"name":"(anonymous_2)","decl":{"start":{"line":98,"column":34},"end":{"line":98,"column":35}},"loc":{"start":{"line":98,"column":54},"end":{"line":117,"column":1}},"line":98},"3":{"name":"(anonymous_3)","decl":{"start":{"line":119,"column":37},"end":{"line":119,"column":38}},"loc":{"start":{"line":119,"column":57},"end":{"line":153,"column":1}},"line":119},"4":{"name":"(anonymous_4)","decl":{"start":{"line":155,"column":37},"end":{"line":155,"column":38}},"loc":{"start":{"line":155,"column":57},"end":{"line":182,"column":1}},"line":155},"5":{"name":"(anonymous_5)","decl":{"start":{"line":184,"column":38},"end":{"line":184,"column":39}},"loc":{"start":{"line":184,"column":58},"end":{"line":210,"column":1}},"line":184},"6":{"name":"(anonymous_6)","decl":{"start":{"line":212,"column":43},"end":{"line":212,"column":44}},"loc":{"start":{"line":212,"column":63},"end":{"line":224,"column":1}},"line":212},"7":{"name":"(anonymous_7)","decl":{"start":{"line":226,"column":24},"end":{"line":226,"column":25}},"loc":{"start":{"line":226,"column":44},"end":{"line":256,"column":1}},"line":226},"8":{"name":"(anonymous_8)","decl":{"start":{"line":258,"column":33},"end":{"line":258,"column":34}},"loc":{"start":{"line":258,"column":53},"end":{"line":296,"column":1}},"line":258},"9":{"name":"(anonymous_9)","decl":{"start":{"line":298,"column":42},"end":{"line":298,"column":43}},"loc":{"start":{"line":298,"column":62},"end":{"line":428,"column":1}},"line":298},"10":{"name":"(anonymous_10)","decl":{"start":{"line":430,"column":38},"end":{"line":430,"column":39}},"loc":{"start":{"line":430,"column":58},"end":{"line":475,"column":1}},"line":430},"11":{"name":"(anonymous_11)","decl":{"start":{"line":439,"column":28},"end":{"line":439,"column":29}},"loc":{"start":{"line":439,"column":42},"end":{"line":451,"column":3}},"line":439},"12":{"name":"(anonymous_12)","decl":{"start":{"line":477,"column":39},"end":{"line":477,"column":40}},"loc":{"start":{"line":477,"column":59},"end":{"line":487,"column":1}},"line":477},"13":{"name":"(anonymous_13)","decl":{"start":{"line":491,"column":43},"end":{"line":491,"column":44}},"loc":{"start":{"line":491,"column":63},"end":{"line":504,"column":1}},"line":491},"14":{"name":"(anonymous_14)","decl":{"start":{"line":508,"column":43},"end":{"line":508,"column":44}},"loc":{"start":{"line":508,"column":63},"end":{"line":533,"column":1}},"line":508}},"branchMap":{"0":{"loc":{"start":{"line":34,"column":2},"end":{"line":37,"column":3}},"type":"if","locations":[{"start":{"line":34,"column":2},"end":{"line":37,"column":3}},{"start":{},"end":{}}],"line":34},"1":{"loc":{"start":{"line":73,"column":15},"end":{"line":73,"column":42}},"type":"binary-expr","locations":[{"start":{"line":73,"column":15},"end":{"line":73,"column":37}},{"start":{"line":73,"column":41},"end":{"line":73,"column":42}}],"line":73},"2":{"loc":{"start":{"line":74,"column":16},"end":{"line":74,"column":45}},"type":"binary-expr","locations":[{"start":{"line":74,"column":16},"end":{"line":74,"column":39}},{"start":{"line":74,"column":43},"end":{"line":74,"column":45}}],"line":74},"3":{"loc":{"start":{"line":108,"column":2},"end":{"line":111,"column":3}},"type":"if","locations":[{"start":{"line":108,"column":2},"end":{"line":111,"column":3}},{"start":{},"end":{}}],"line":108},"4":{"loc":{"start":{"line":136,"column":2},"end":{"line":139,"column":3}},"type":"if","locations":[{"start":{"line":136,"column":2},"end":{"line":139,"column":3}},{"start":{},"end":{}}],"line":136},"5":{"loc":{"start":{"line":164,"column":2},"end":{"line":167,"column":3}},"type":"if","locations":[{"start":{"line":164,"column":2},"end":{"line":167,"column":3}},{"start":{},"end":{}}],"line":164},"6":{"loc":{"start":{"line":206,"column":2},"end":{"line":209,"column":3}},"type":"if","locations":[{"start":{"line":206,"column":2},"end":{"line":209,"column":3}},{"start":{},"end":{}}],"line":206},"7":{"loc":{"start":{"line":235,"column":2},"end":{"line":242,"column":3}},"type":"if","locations":[{"start":{"line":235,"column":2},"end":{"line":242,"column":3}},{"start":{},"end":{}}],"line":235},"8":{"loc":{"start":{"line":235,"column":6},"end":{"line":235,"column":44}},"type":"binary-expr","locations":[{"start":{"line":235,"column":6},"end":{"line":235,"column":14}},{"start":{"line":235,"column":18},"end":{"line":235,"column":44}}],"line":235},"9":{"loc":{"start":{"line":327,"column":4},"end":{"line":341,"column":5}},"type":"if","locations":[{"start":{"line":327,"column":4},"end":{"line":341,"column":5}},{"start":{},"end":{}}],"line":327},"10":{"loc":{"start":{"line":328,"column":6},"end":{"line":333,"column":14}},"type":"binary-expr","locations":[{"start":{"line":328,"column":6},"end":{"line":328,"column":16}},{"start":{"line":329,"column":6},"end":{"line":329,"column":15}},{"start":{"line":330,"column":6},"end":{"line":330,"column":13}},{"start":{"line":331,"column":6},"end":{"line":331,"column":18}},{"start":{"line":332,"column":6},"end":{"line":332,"column":19}},{"start":{"line":333,"column":6},"end":{"line":333,"column":14}}],"line":328},"11":{"loc":{"start":{"line":344,"column":4},"end":{"line":355,"column":5}},"type":"if","locations":[{"start":{"line":344,"column":4},"end":{"line":355,"column":5}},{"start":{},"end":{}}],"line":344},"12":{"loc":{"start":{"line":369,"column":4},"end":{"line":381,"column":5}},"type":"if","locations":[{"start":{"line":369,"column":4},"end":{"line":381,"column":5}},{"start":{},"end":{}}],"line":369},"13":{"loc":{"start":{"line":496,"column":2},"end":{"line":501,"column":3}},"type":"if","locations":[{"start":{"line":496,"column":2},"end":{"line":501,"column":3}},{"start":{},"end":{}}],"line":496},"14":{"loc":{"start":{"line":514,"column":2},"end":{"line":520,"column":3}},"type":"if","locations":[{"start":{"line":514,"column":2},"end":{"line":520,"column":3}},{"start":{},"end":{}}],"line":514}},"s":{"0":16,"1":16,"2":16,"3":16,"4":16,"5":16,"6":16,"7":16,"8":16,"9":22,"10":22,"11":22,"12":0,"13":0,"14":22,"15":22,"16":22,"17":22,"18":16,"19":3,"20":3,"21":3,"22":3,"23":3,"24":3,"25":16,"26":1,"27":1,"28":1,"29":0,"30":0,"31":1,"32":16,"33":3,"34":3,"35":3,"36":3,"37":1,"38":1,"39":2,"40":2,"41":16,"42":2,"43":2,"44":2,"45":1,"46":1,"47":1,"48":1,"49":1,"50":16,"51":0,"52":0,"53":0,"54":0,"55":0,"56":0,"57":16,"58":0,"59":0,"60":16,"61":3,"62":3,"63":3,"64":3,"65":2,"66":1,"67":16,"68":1,"69":1,"70":1,"71":1,"72":1,"73":1,"74":1,"75":16,"76":0,"77":0,"78":0,"79":0,"80":0,"81":0,"82":0,"83":0,"84":0,"85":0,"86":0,"87":0,"88":0,"89":0,"90":0,"91":0,"92":0,"93":0,"94":0,"95":0,"96":0,"97":0,"98":0,"99":0,"100":16,"101":0,"102":0,"103":0,"104":0,"105":0,"106":0,"107":0,"108":0,"109":0,"110":0,"111":16,"112":0,"113":0,"114":16,"115":1,"116":1,"117":0,"118":1,"119":16,"120":0,"121":0,"122":0,"123":0},"f":{"0":22,"1":3,"2":1,"3":3,"4":2,"5":0,"6":0,"7":3,"8":1,"9":0,"10":0,"11":0,"12":0,"13":1,"14":0},"b":{"0":[0,22],"1":[3,2],"2":[3,2],"3":[0,1],"4":[1,2],"5":[1,1],"6":[0,0],"7":[2,1],"8":[3,2],"9":[0,0],"10":[0,0,0,0,0,0],"11":[0,0],"12":[0,0],"13":[0,1],"14":[0,0]},"_coverageSchema":"1a1c01bbd47fc00a2c39e90264f33305004495a9","hash":"cb57ab439e08bd006fd9d30c0a2a0337af98a7cf"}
,"C:\\Users\\Admin\\Desktop\\Tennesson\\scr\\middleware\\authMiddleware.js": {"path":"C:\\Users\\Admin\\Desktop\\Tennesson\\scr\\middleware\\authMiddleware.js","statementMap":{"0":{"start":{"line":1,"column":12},"end":{"line":1,"column":35}},"1":{"start":{"line":2,"column":14},"end":{"line":2,"column":40}},"2":{"start":{"line":4,"column":0},"end":{"line":42,"column":2}},"3":{"start":{"line":5,"column":2},"end":{"line":41,"column":3}},"4":{"start":{"line":8,"column":4},"end":{"line":13,"column":5}},"5":{"start":{"line":12,"column":6},"end":{"line":12,"column":54}},"6":{"start":{"line":15,"column":4},"end":{"line":20,"column":5}},"7":{"start":{"line":16,"column":6},"end":{"line":19,"column":9}},"8":{"start":{"line":22,"column":20},"end":{"line":22,"column":61}},"9":{"start":{"line":24,"column":18},"end":{"line":24,"column":70}},"10":{"start":{"line":26,"column":4},"end":{"line":31,"column":5}},"11":{"start":{"line":27,"column":6},"end":{"line":30,"column":9}},"12":{"start":{"line":33,"column":4},"end":{"line":33,"column":22}},"13":{"start":{"line":35,"column":4},"end":{"line":35,"column":11}},"14":{"start":{"line":37,"column":4},"end":{"line":40,"column":7}}},"fnMap":{"0":{"name":"(anonymous_0)","decl":{"start":{"line":4,"column":18},"end":{"line":4,"column":19}},"loc":{"start":{"line":4,"column":44},"end":{"line":42,"column":1}},"line":4}},"branchMap":{"0":{"loc":{"start":{"line":8,"column":4},"end":{"line":13,"column":5}},"type":"if","locations":[{"start":{"line":8,"column":4},"end":{"line":13,"column":5}},{"start":{},"end":{}}],"line":8},"1":{"loc":{"start":{"line":9,"column":6},"end":{"line":10,"column":53}},"type":"binary-expr","locations":[{"start":{"line":9,"column":6},"end":{"line":9,"column":31}},{"start":{"line":10,"column":6},"end":{"line":10,"column":53}}],"line":9},"2":{"loc":{"start":{"line":15,"column":4},"end":{"line":20,"column":5}},"type":"if","locations":[{"start":{"line":15,"column":4},"end":{"line":20,"column":5}},{"start":{},"end":{}}],"line":15},"3":{"loc":{"start":{"line":26,"column":4},"end":{"line":31,"column":5}},"type":"if","locations":[{"start":{"line":26,"column":4},"end":{"line":31,"column":5}},{"start":{},"end":{}}],"line":26}},"s":{"0":16,"1":16,"2":16,"3":63,"4":63,"5":59,"6":63,"7":4,"8":59,"9":55,"10":55,"11":0,"12":55,"13":55,"14":4},"f":{"0":63},"b":{"0":[59,4],"1":[63,60],"2":[4,59],"3":[0,55]},"_coverageSchema":"1a1c01bbd47fc00a2c39e90264f33305004495a9","hash":"4ea6114ac3baccd66bc8af22da97722928ffcfcf"}
,"C:\\Users\\Admin\\Desktop\\Tennesson\\scr\\middleware\\authorize.js": {"path":"C:\\Users\\Admin\\Desktop\\Tennesson\\scr\\middleware\\authorize.js","statementMap":{"0":{"start":{"line":1,"column":0},"end":{"line":13,"column":2}},"1":{"start":{"line":2,"column":2},"end":{"line":12,"column":4}},"2":{"start":{"line":4,"column":4},"end":{"line":9,"column":5}},"3":{"start":{"line":5,"column":6},"end":{"line":8,"column":9}},"4":{"start":{"line":11,"column":4},"end":{"line":11,"column":11}}},"fnMap":{"0":{"name":"(anonymous_0)","decl":{"start":{"line":1,"column":20},"end":{"line":1,"column":21}},"loc":{"start":{"line":1,"column":34},"end":{"line":13,"column":1}},"line":1},"1":{"name":"(anonymous_1)","decl":{"start":{"line":2,"column":9},"end":{"line":2,"column":10}},"loc":{"start":{"line":2,"column":29},"end":{"line":12,"column":3}},"line":2}},"branchMap":{"0":{"loc":{"start":{"line":4,"column":4},"end":{"line":9,"column":5}},"type":"if","locations":[{"start":{"line":4,"column":4},"end":{"line":9,"column":5}},{"start":{},"end":{}}],"line":4}},"s":{"0":16,"1":16,"2":16,"3":3,"4":13},"f":{"0":16,"1":16},"b":{"0":[3,13]},"_coverageSchema":"1a1c01bbd47fc00a2c39e90264f33305004495a9","hash":"6c68dfd7e86d3d773aaa9b9ae5a62dae8e67da5d"}
,"C:\\Users\\Admin\\Desktop\\Tennesson\\scr\\middleware\\errorHandler.js": {"path":"C:\\Users\\Admin\\Desktop\\Tennesson\\scr\\middleware\\errorHandler.js","statementMap":{"0":{"start":{"line":1,"column":0},"end":{"line":9,"column":2}},"1":{"start":{"line":2,"column":21},"end":{"line":2,"column":66}},"2":{"start":{"line":4,"column":2},"end":{"line":8,"column":5}}},"fnMap":{"0":{"name":"(anonymous_0)","decl":{"start":{"line":1,"column":23},"end":{"line":1,"column":24}},"loc":{"start":{"line":1,"column":48},"end":{"line":9,"column":1}},"line":1}},"branchMap":{"0":{"loc":{"start":{"line":2,"column":21},"end":{"line":2,"column":66}},"type":"cond-expr","locations":[{"start":{"line":2,"column":46},"end":{"line":2,"column":49}},{"start":{"line":2,"column":52},"end":{"line":2,"column":66}}],"line":2},"1":{"loc":{"start":{"line":7,"column":11},"end":{"line":7,"column":67}},"type":"cond-expr","locations":[{"start":{"line":7,"column":51},"end":{"line":7,"column":55}},{"start":{"line":7,"column":58},"end":{"line":7,"column":67}}],"line":7}},"s":{"0":16,"1":5,"2":5},"f":{"0":5},"b":{"0":[0,5],"1":[0,5]},"_coverageSchema":"1a1c01bbd47fc00a2c39e90264f33305004495a9","hash":"a0ba343ace7396aa7466d0da7a514afa28c15f88"}
,"C:\\Users\\Admin\\Desktop\\Tennesson\\scr\\middleware\\rateLimiter.js": {"path":"C:\\Users\\Admin\\Desktop\\Tennesson\\scr\\middleware\\rateLimiter.js","statementMap":{"0":{"start":{"line":1,"column":18},"end":{"line":1,"column":47}},"1":{"start":{"line":3,"column":0},"end":{"line":12,"column":3}},"2":{"start":{"line":15,"column":0},"end":{"line":28,"column":3}},"3":{"start":{"line":27,"column":14},"end":{"line":27,"column":45}}},"fnMap":{"0":{"name":"(anonymous_0)","decl":{"start":{"line":27,"column":8},"end":{"line":27,"column":9}},"loc":{"start":{"line":27,"column":14},"end":{"line":27,"column":45}},"line":27}},"branchMap":{},"s":{"0":16,"1":16,"2":16,"3":6},"f":{"0":6},"b":{},"_coverageSchema":"1a1c01bbd47fc00a2c39e90264f33305004495a9","hash":"2f09c155df8207e6ade547551baa07123d1e64f0"}
,"C:\\Users\\Admin\\Desktop\\Tennesson\\scr\\middleware\\uploadMiddlewear.js": {"path":"C:\\Users\\Admin\\Desktop\\Tennesson\\scr\\middleware\\uploadMiddlewear.js","statementMap":{"0":{"start":{"line":1,"column":15},"end":{"line":1,"column":32}},"1":{"start":{"line":3,"column":16},"end":{"line":11,"column":2}},"2":{"start":{"line":5,"column":4},"end":{"line":5,"column":25}},"3":{"start":{"line":9,"column":4},"end":{"line":9,"column":51}},"4":{"start":{"line":13,"column":15},"end":{"line":27,"column":2}},"5":{"start":{"line":16,"column":20},"end":{"line":19,"column":5}},"6":{"start":{"line":21,"column":4},"end":{"line":25,"column":5}},"7":{"start":{"line":22,"column":6},"end":{"line":22,"column":21}},"8":{"start":{"line":24,"column":6},"end":{"line":24,"column":53}},"9":{"start":{"line":29,"column":0},"end":{"line":29,"column":24}}},"fnMap":{"0":{"name":"(anonymous_0)","decl":{"start":{"line":4,"column":15},"end":{"line":4,"column":16}},"loc":{"start":{"line":4,"column":34},"end":{"line":6,"column":3}},"line":4},"1":{"name":"(anonymous_1)","decl":{"start":{"line":8,"column":12},"end":{"line":8,"column":13}},"loc":{"start":{"line":8,"column":31},"end":{"line":10,"column":3}},"line":8},"2":{"name":"(anonymous_2)","decl":{"start":{"line":15,"column":14},"end":{"line":15,"column":15}},"loc":{"start":{"line":15,"column":33},"end":{"line":26,"column":3}},"line":15}},"branchMap":{"0":{"loc":{"start":{"line":21,"column":4},"end":{"line":25,"column":5}},"type":"if","locations":[{"start":{"line":21,"column":4},"end":{"line":25,"column":5}},{"start":{"line":23,"column":11},"end":{"line":25,"column":5}}],"line":21}},"s":{"0":16,"1":16,"2":0,"3":0,"4":16,"5":0,"6":0,"7":0,"8":0,"9":16},"f":{"0":0,"1":0,"2":0},"b":{"0":[0,0]},"_coverageSchema":"1a1c01bbd47fc00a2c39e90264f33305004495a9","hash":"78c6d79a26b7fd5dccd5dabeabb01ae01a05f533"}
,"C:\\Users\\Admin\\Desktop\\Tennesson\\scr\\middleware\\validateRequest.js": {"path":"C:\\Users\\Admin\\Desktop\\Tennesson\\scr\\middleware\\validateRequest.js","statementMap":{"0":{"start":{"line":1,"column":0},"end":{"line":19,"column":2}},"1":{"start":{"line":2,"column":2},"end":{"line":18,"column":4}},"2":{"start":{"line":3,"column":22},"end":{"line":6,"column":6}},"3":{"start":{"line":8,"column":4},"end":{"line":15,"column":5}},"4":{"start":{"line":9,"column":6},"end":{"line":9,"column":22}},"5":{"start":{"line":10,"column":6},"end":{"line":14,"column":8}},"6":{"start":{"line":12,"column":27},"end":{"line":12,"column":59}},"7":{"start":{"line":17,"column":4},"end":{"line":17,"column":11}}},"fnMap":{"0":{"name":"(anonymous_0)","decl":{"start":{"line":1,"column":19},"end":{"line":1,"column":20}},"loc":{"start":{"line":1,"column":31},"end":{"line":19,"column":1}},"line":1},"1":{"name":"(anonymous_1)","decl":{"start":{"line":2,"column":9},"end":{"line":2,"column":10}},"loc":{"start":{"line":2,"column":29},"end":{"line":18,"column":3}},"line":2},"2":{"name":"(anonymous_2)","decl":{"start":{"line":12,"column":15},"end":{"line":12,"column":16}},"loc":{"start":{"line":12,"column":27},"end":{"line":12,"column":59}},"line":12}},"branchMap":{"0":{"loc":{"start":{"line":8,"column":4},"end":{"line":15,"column":5}},"type":"if","locations":[{"start":{"line":8,"column":4},"end":{"line":15,"column":5}},{"start":{},"end":{}}],"line":8}},"s":{"0":16,"1":16,"2":25,"3":25,"4":3,"5":3,"6":3,"7":22},"f":{"0":16,"1":25,"2":3},"b":{"0":[3,22]},"_coverageSchema":"1a1c01bbd47fc00a2c39e90264f33305004495a9","hash":"ef62ffaf38957fccdefe7a08d531fde116dfa165"}
,"C:\\Users\\Admin\\Desktop\\Tennesson\\scr\\models\\Admin.js": {"path":"C:\\Users\\Admin\\Desktop\\Tennesson\\scr\\models\\Admin.js","statementMap":{"0":{"start":{"line":1,"column":17},"end":{"line":1,"column":36}},"1":{"start":{"line":3,"column":20},"end":{"line":34,"column":1}},"2":{"start":{"line":37,"column":2},"end":{"line":37,"column":63}},"3":{"start":{"line":39,"column":0},"end":{"line":39,"column":23}}},"fnMap":{},"branchMap":{"0":{"loc":{"start":{"line":37,"column":2},"end":{"line":37,"column":63}},"type":"binary-expr","locations":[{"start":{"line":37,"column":2},"end":{"line":37,"column":23}},{"start":{"line":37,"column":27},"end":{"line":37,"column":63}}],"line":37}},"s":{"0":16,"1":16,"2":16,"3":16},"f":{},"b":{"0":[16,16]},"_coverageSchema":"1a1c01bbd47fc00a2c39e90264f33305004495a9","hash":"4f2fb9284ed4394184aa331b2315c2acbd9bf55d"}
,"C:\\Users\\Admin\\Desktop\\Tennesson\\scr\\models\\activityLog.js": {"path":"C:\\Users\\Admin\\Desktop\\Tennesson\\scr\\models\\activityLog.js","statementMap":{"0":{"start":{"line":1,"column":17},"end":{"line":1,"column":36}},"1":{"start":{"line":3,"column":26},"end":{"line":29,"column":1}},"2":{"start":{"line":31,"column":20},"end":{"line":31,"column":68}},"3":{"start":{"line":33,"column":0},"end":{"line":33,"column":29}}},"fnMap":{},"branchMap":{},"s":{"0":16,"1":16,"2":16,"3":16},"f":{},"b":{},"_coverageSchema":"1a1c01bbd47fc00a2c39e90264f33305004495a9","hash":"e647d9526f6a2a45040bbd4fccd53a713f89e9ca"}
,"C:\\Users\\Admin\\Desktop\\Tennesson\\scr\\models\\counter.js": {"path":"C:\\Users\\Admin\\Desktop\\Tennesson\\scr\\models\\counter.js","statementMap":{"0":{"start":{"line":1,"column":17},"end":{"line":1,"column":36}},"1":{"start":{"line":3,"column":22},"end":{"line":13,"column":2}},"2":{"start":{"line":15,"column":16},"end":{"line":15,"column":56}},"3":{"start":{"line":16,"column":0},"end":{"line":16,"column":25}}},"fnMap":{},"branchMap":{},"s":{"0":16,"1":16,"2":16,"3":16},"f":{},"b":{},"_coverageSchema":"1a1c01bbd47fc00a2c39e90264f33305004495a9","hash":"d27b00eaab894dabbe8d4efc9c5e76f071a9b686"}
,"C:\\Users\\Admin\\Desktop\\Tennesson\\scr\\models\\student.js": {"path":"C:\\Users\\Admin\\Desktop\\Tennesson\\scr\\models\\student.js","statementMap":{"0":{"start":{"line":1,"column":17},"end":{"line":1,"column":36}},"1":{"start":{"line":3,"column":22},"end":{"line":89,"column":1}},"2":{"start":{"line":91,"column":16},"end":{"line":91,"column":56}},"3":{"start":{"line":92,"column":0},"end":{"line":92,"column":25}}},"fnMap":{},"branchMap":{},"s":{"0":16,"1":16,"2":16,"3":16},"f":{},"b":{},"_coverageSchema":"1a1c01bbd47fc00a2c39e90264f33305004495a9","hash":"7eee5593155a33cc1360838053edc8d1dbb20eb3"}
,"C:\\Users\\Admin\\Desktop\\Tennesson\\scr\\routes\\authRoute.js": {"path":"C:\\Users\\Admin\\Desktop\\Tennesson\\scr\\routes\\authRoute.js","statementMap":{"0":{"start":{"line":1,"column":16},"end":{"line":1,"column":34}},"1":{"start":{"line":2,"column":38},"end":{"line":2,"column":78}},"2":{"start":{"line":3,"column":20},"end":{"line":3,"column":59}},"3":{"start":{"line":4,"column":22},"end":{"line":4,"column":56}},"4":{"start":{"line":5,"column":24},"end":{"line":5,"column":60}},"5":{"start":{"line":7,"column":15},"end":{"line":7,"column":31}},"6":{"start":{"line":8,"column":0},"end":{"line":13,"column":2}},"7":{"start":{"line":16,"column":0},"end":{"line":170,"column":2}},"8":{"start":{"line":16,"column":6},"end":{"line":170,"column":2}},"9":{"start":{"line":172,"column":0},"end":{"line":172,"column":24}}},"fnMap":{},"branchMap":{"0":{"loc":{"start":{"line":168,"column":6},"end":{"line":168,"column":58}},"type":"cond-expr","locations":[{"start":{"line":168,"column":40},"end":{"line":168,"column":42}},{"start":{"line":168,"column":45},"end":{"line":168,"column":58}}],"line":168}},"s":{"0":16,"1":16,"2":16,"3":16,"4":16,"5":16,"6":16,"7":16,"8":16,"9":16},"f":{},"b":{"0":[15,1]},"_coverageSchema":"1a1c01bbd47fc00a2c39e90264f33305004495a9","hash":"b977ded2526f664ba171b6fa3cf2fc4ba586a016"}
,"C:\\Users\\Admin\\Desktop\\Tennesson\\scr\\routes\\studentsRoutes.js": {"path":"C:\\Users\\Admin\\Desktop\\Tennesson\\scr\\routes\\studentsRoutes.js","statementMap":{"0":{"start":{"line":1,"column":16},"end":{"line":1,"column":34}},"1":{"start":{"line":17,"column":4},"end":{"line":17,"column":47}},"2":{"start":{"line":18,"column":20},"end":{"line":18,"column":59}},"3":{"start":{"line":19,"column":21},"end":{"line":19,"column":61}},"4":{"start":{"line":20,"column":26},"end":{"line":20,"column":67}},"5":{"start":{"line":21,"column":15},"end":{"line":21,"column":56}},"6":{"start":{"line":23,"column":15},"end":{"line":23,"column":31}},"7":{"start":{"line":25,"column":0},"end":{"line":30,"column":2}},"8":{"start":{"line":31,"column":0},"end":{"line":31,"column":54}},"9":{"start":{"line":78,"column":0},"end":{"line":78,"column":55}},"10":{"start":{"line":79,"column":0},"end":{"line":79,"column":70}},"11":{"start":{"line":80,"column":0},"end":{"line":80,"column":56}},"12":{"start":{"line":81,"column":0},"end":{"line":81,"column":74}},"13":{"start":{"line":82,"column":0},"end":{"line":82,"column":70}},"14":{"start":{"line":126,"column":0},"end":{"line":126,"column":46}},"15":{"start":{"line":127,"column":0},"end":{"line":127,"column":66}},"16":{"start":{"line":152,"column":0},"end":{"line":152,"column":56}},"17":{"start":{"line":191,"column":0},"end":{"line":191,"column":59}},"18":{"start":{"line":216,"column":0},"end":{"line":216,"column":62}},"19":{"start":{"line":217,"column":0},"end":{"line":217,"column":70}},"20":{"start":{"line":218,"column":0},"end":{"line":218,"column":63}},"21":{"start":{"line":220,"column":0},"end":{"line":220,"column":24}}},"fnMap":{},"branchMap":{},"s":{"0":16,"1":16,"2":16,"3":16,"4":16,"5":16,"6":16,"7":16,"8":16,"9":16,"10":16,"11":16,"12":16,"13":16,"14":16,"15":16,"16":16,"17":16,"18":16,"19":16,"20":16,"21":16},"f":{},"b":{},"_coverageSchema":"1a1c01bbd47fc00a2c39e90264f33305004495a9","hash":"13b7d11856ef579d7e0c675819c368ede34a956d"}
,"C:\\Users\\Admin\\Desktop\\Tennesson\\scr\\test\\helpers\\setupAdmin.js": {"path":"C:\\Users\\Admin\\Desktop\\Tennesson\\scr\\test\\helpers\\setupAdmin.js","statementMap":{"0":{"start":{"line":1,"column":16},"end":{"line":1,"column":36}},"1":{"start":{"line":2,"column":12},"end":{"line":2,"column":32}},"2":{"start":{"line":3,"column":14},"end":{"line":3,"column":43}},"3":{"start":{"line":4,"column":15},"end":{"line":4,"column":32}},"4":{"start":{"line":6,"column":19},"end":{"line":52,"column":1}},"5":{"start":{"line":8,"column":22},"end":{"line":8,"column":56}},"6":{"start":{"line":10,"column":25},"end":{"line":10,"column":61}},"7":{"start":{"line":12,"column":2},"end":{"line":17,"column":5}},"8":{"start":{"line":19,"column":26},"end":{"line":24,"column":6}},"9":{"start":{"line":26,"column":26},"end":{"line":26,"column":52}},"10":{"start":{"line":29,"column":21},"end":{"line":29,"column":50}},"11":{"start":{"line":31,"column":27},"end":{"line":38,"column":6}},"12":{"start":{"line":41,"column":24},"end":{"line":46,"column":6}},"13":{"start":{"line":48,"column":4},"end":{"line":48,"column":47}},"14":{"start":{"line":50,"column":2},"end":{"line":50,"column":34}},"15":{"start":{"line":54,"column":0},"end":{"line":54,"column":28}}},"fnMap":{"0":{"name":"(anonymous_0)","decl":{"start":{"line":6,"column":19},"end":{"line":6,"column":20}},"loc":{"start":{"line":6,"column":31},"end":{"line":52,"column":1}},"line":6}},"branchMap":{},"s":{"0":3,"1":3,"2":3,"3":3,"4":3,"5":6,"6":6,"7":6,"8":6,"9":6,"10":6,"11":6,"12":6,"13":6,"14":6,"15":3},"f":{"0":6},"b":{},"_coverageSchema":"1a1c01bbd47fc00a2c39e90264f33305004495a9","hash":"e421326cfcba685e311e121977d902a77b31f86d"}
,"C:\\Users\\Admin\\Desktop\\Tennesson\\scr\\utils\\generateStudentId.js": {"path":"C:\\Users\\Admin\\Desktop\\Tennesson\\scr\\utils\\generateStudentId.js","statementMap":{"0":{"start":{"line":1,"column":16},"end":{"line":1,"column":44}},"1":{"start":{"line":3,"column":26},"end":{"line":18,"column":1}},"2":{"start":{"line":4,"column":18},"end":{"line":11,"column":3}},"3":{"start":{"line":13,"column":19},"end":{"line":13,"column":40}},"4":{"start":{"line":15,"column":20},"end":{"line":15,"column":61}},"5":{"start":{"line":17,"column":2},"end":{"line":17,"column":19}},"6":{"start":{"line":20,"column":0},"end":{"line":20,"column":35}}},"fnMap":{"0":{"name":"(anonymous_0)","decl":{"start":{"line":3,"column":26},"end":{"line":3,"column":27}},"loc":{"start":{"line":3,"column":38},"end":{"line":18,"column":1}},"line":3}},"branchMap":{},"s":{"0":16,"1":16,"2":22,"3":22,"4":22,"5":22,"6":16},"f":{"0":22},"b":{},"_coverageSchema":"1a1c01bbd47fc00a2c39e90264f33305004495a9","hash":"e642090a69fd325d78c3ac67d440a6b1a033196b"}
,"C:\\Users\\Admin\\Desktop\\Tennesson\\scr\\utils\\generateStudentSlip.js": {"path":"C:\\Users\\Admin\\Desktop\\Tennesson\\scr\\utils\\generateStudentSlip.js","statementMap":{"0":{"start":{"line":1,"column":20},"end":{"line":1,"column":37}},"1":{"start":{"line":2,"column":13},"end":{"line":2,"column":28}},"2":{"start":{"line":3,"column":15},"end":{"line":3,"column":32}},"3":{"start":{"line":5,"column":28},"end":{"line":203,"column":1}},"4":{"start":{"line":6,"column":14},"end":{"line":9,"column":4}},"5":{"start":{"line":11,"column":2},"end":{"line":11,"column":51}},"6":{"start":{"line":12,"column":2},"end":{"line":15,"column":4}},"7":{"start":{"line":17,"column":2},"end":{"line":17,"column":16}},"8":{"start":{"line":23,"column":21},"end":{"line":28,"column":6}},"9":{"start":{"line":24,"column":4},"end":{"line":28,"column":6}},"10":{"start":{"line":30,"column":17},"end":{"line":43,"column":3}},"11":{"start":{"line":31,"column":4},"end":{"line":36,"column":9}},"12":{"start":{"line":38,"column":4},"end":{"line":40,"column":28}},"13":{"start":{"line":42,"column":4},"end":{"line":42,"column":22}},"14":{"start":{"line":49,"column":19},"end":{"line":49,"column":62}},"15":{"start":{"line":51,"column":2},"end":{"line":53,"column":5}},"16":{"start":{"line":55,"column":2},"end":{"line":55,"column":18}},"17":{"start":{"line":61,"column":2},"end":{"line":66,"column":7}},"18":{"start":{"line":68,"column":2},"end":{"line":72,"column":7}},"19":{"start":{"line":74,"column":2},"end":{"line":74,"column":17}},"20":{"start":{"line":80,"column":2},"end":{"line":83,"column":14}},"21":{"start":{"line":85,"column":2},"end":{"line":85,"column":17}},"22":{"start":{"line":91,"column":2},"end":{"line":91,"column":44}},"23":{"start":{"line":93,"column":2},"end":{"line":96,"column":4}},"24":{"start":{"line":98,"column":2},"end":{"line":98,"column":37}},"25":{"start":{"line":100,"column":2},"end":{"line":103,"column":4}},"26":{"start":{"line":105,"column":2},"end":{"line":108,"column":4}},"27":{"start":{"line":110,"column":2},"end":{"line":110,"column":42}},"28":{"start":{"line":112,"column":2},"end":{"line":112,"column":39}},"29":{"start":{"line":114,"column":2},"end":{"line":114,"column":46}},"30":{"start":{"line":116,"column":2},"end":{"line":116,"column":48}},"31":{"start":{"line":122,"column":2},"end":{"line":122,"column":17}},"32":{"start":{"line":124,"column":2},"end":{"line":127,"column":14}},"33":{"start":{"line":129,"column":2},"end":{"line":129,"column":17}},"34":{"start":{"line":135,"column":2},"end":{"line":143,"column":6}},"35":{"start":{"line":145,"column":2},"end":{"line":145,"column":17}},"36":{"start":{"line":147,"column":2},"end":{"line":155,"column":6}},"37":{"start":{"line":157,"column":2},"end":{"line":157,"column":18}},"38":{"start":{"line":163,"column":21},"end":{"line":163,"column":26}},"39":{"start":{"line":165,"column":2},"end":{"line":165,"column":55}},"40":{"start":{"line":166,"column":2},"end":{"line":166,"column":40}},"41":{"start":{"line":168,"column":2},"end":{"line":168,"column":56}},"42":{"start":{"line":169,"column":2},"end":{"line":169,"column":32}},"43":{"start":{"line":171,"column":2},"end":{"line":171,"column":18}},"44":{"start":{"line":177,"column":2},"end":{"line":182,"column":7}},"45":{"start":{"line":185,"column":22},"end":{"line":185,"column":90}},"46":{"start":{"line":187,"column":15},"end":{"line":187,"column":48}},"47":{"start":{"line":189,"column":0},"end":{"line":189,"column":16}},"48":{"start":{"line":191,"column":0},"end":{"line":195,"column":5}},"49":{"start":{"line":197,"column":0},"end":{"line":200,"column":3}},"50":{"start":{"line":202,"column":2},"end":{"line":202,"column":12}},"51":{"start":{"line":205,"column":0},"end":{"line":205,"column":37}}},"fnMap":{"0":{"name":"(anonymous_0)","decl":{"start":{"line":5,"column":28},"end":{"line":5,"column":29}},"loc":{"start":{"line":5,"column":52},"end":{"line":203,"column":1}},"line":5},"1":{"name":"(anonymous_1)","decl":{"start":{"line":23,"column":21},"end":{"line":23,"column":22}},"loc":{"start":{"line":24,"column":4},"end":{"line":28,"column":6}},"line":24},"2":{"name":"(anonymous_2)","decl":{"start":{"line":30,"column":17},"end":{"line":30,"column":18}},"loc":{"start":{"line":30,"column":35},"end":{"line":43,"column":3}},"line":30}},"branchMap":{"0":{"loc":{"start":{"line":40,"column":12},"end":{"line":40,"column":26}},"type":"binary-expr","locations":[{"start":{"line":40,"column":12},"end":{"line":40,"column":17}},{"start":{"line":40,"column":21},"end":{"line":40,"column":26}}],"line":40},"1":{"loc":{"start":{"line":95,"column":28},"end":{"line":95,"column":51}},"type":"binary-expr","locations":[{"start":{"line":95,"column":28},"end":{"line":95,"column":45}},{"start":{"line":95,"column":49},"end":{"line":95,"column":51}}],"line":95}},"s":{"0":16,"1":16,"2":16,"3":16,"4":1,"5":1,"6":1,"7":1,"8":1,"9":2,"10":1,"11":9,"12":9,"13":9,"14":1,"15":1,"16":1,"17":1,"18":1,"19":1,"20":1,"21":1,"22":1,"23":1,"24":1,"25":1,"26":1,"27":1,"28":1,"29":1,"30":1,"31":1,"32":1,"33":1,"34":1,"35":1,"36":1,"37":1,"38":1,"39":1,"40":1,"41":1,"42":1,"43":1,"44":1,"45":1,"46":1,"47":1,"48":1,"49":1,"50":1,"51":16},"f":{"0":1,"1":2,"2":9},"b":{"0":[9,0],"1":[1,1]},"_coverageSchema":"1a1c01bbd47fc00a2c39e90264f33305004495a9","hash":"9e136e21c9ed5864f092d6161745df8136f2b16a"}
,"C:\\Users\\Admin\\Desktop\\Tennesson\\scr\\utils\\generateToken.js": {"path":"C:\\Users\\Admin\\Desktop\\Tennesson\\scr\\utils\\generateToken.js","statementMap":{"0":{"start":{"line":1,"column":12},"end":{"line":1,"column":35}},"1":{"start":{"line":3,"column":22},"end":{"line":14,"column":1}},"2":{"start":{"line":4,"column":2},"end":{"line":13,"column":4}},"3":{"start":{"line":16,"column":0},"end":{"line":16,"column":31}}},"fnMap":{"0":{"name":"(anonymous_0)","decl":{"start":{"line":3,"column":22},"end":{"line":3,"column":23}},"loc":{"start":{"line":3,"column":33},"end":{"line":14,"column":1}},"line":3}},"branchMap":{},"s":{"0":16,"1":16,"2":48,"3":16},"f":{"0":48},"b":{},"_coverageSchema":"1a1c01bbd47fc00a2c39e90264f33305004495a9","hash":"0985aaa4ac3f3ed1bd6155b9ba5b53de538fde63"}
,"C:\\Users\\Admin\\Desktop\\Tennesson\\scr\\utils\\logActivity.js": {"path":"C:\\Users\\Admin\\Desktop\\Tennesson\\scr\\utils\\logActivity.js","statementMap":{"0":{"start":{"line":1,"column":20},"end":{"line":1,"column":52}},"1":{"start":{"line":3,"column":20},"end":{"line":15,"column":1}},"2":{"start":{"line":9,"column":2},"end":{"line":14,"column":5}},"3":{"start":{"line":17,"column":0},"end":{"line":17,"column":29}}},"fnMap":{"0":{"name":"(anonymous_0)","decl":{"start":{"line":3,"column":20},"end":{"line":3,"column":21}},"loc":{"start":{"line":8,"column":6},"end":{"line":15,"column":1}},"line":8}},"branchMap":{"0":{"loc":{"start":{"line":6,"column":2},"end":{"line":6,"column":18}},"type":"default-arg","locations":[{"start":{"line":6,"column":14},"end":{"line":6,"column":18}}],"line":6},"1":{"loc":{"start":{"line":7,"column":2},"end":{"line":7,"column":14}},"type":"default-arg","locations":[{"start":{"line":7,"column":12},"end":{"line":7,"column":14}}],"line":7}},"s":{"0":16,"1":16,"2":25,"3":16},"f":{"0":25},"b":{"0":[0],"1":[0]},"_coverageSchema":"1a1c01bbd47fc00a2c39e90264f33305004495a9","hash":"9f3c6ed3b84cb789fc3708aff24cdb94c4ade6d8"}
,"C:\\Users\\Admin\\Desktop\\Tennesson\\scr\\validators\\studentValidator.js": {"path":"C:\\Users\\Admin\\Desktop\\Tennesson\\scr\\validators\\studentValidator.js","statementMap":{"0":{"start":{"line":1,"column":12},"end":{"line":1,"column":26}},"1":{"start":{"line":3,"column":0},"end":{"line":21,"column":3}}},"fnMap":{},"branchMap":{},"s":{"0":16,"1":16},"f":{},"b":{},"_coverageSchema":"1a1c01bbd47fc00a2c39e90264f33305004495a9","hash":"a8a4cfd5129c7b4d9c40fe32b4648dd2e3b75bad"}
}
