{"C:\\Users\\Admin\\Desktop\\Tennesson\\scr\\app.js": {"path":"C:\\Users\\Admin\\Desktop\\Tennesson\\scr\\app.js","statementMap":{"0":{"start":{"line":1,"column":18},"end":{"line":1,"column":47}},"1":{"start":{"line":2,"column":20},"end":{"line":2,"column":47}},"2":{"start":{"line":3,"column":16},"end":{"line":3,"column":34}},"3":{"start":{"line":4,"column":15},"end":{"line":4,"column":41}},"4":{"start":{"line":5,"column":0},"end":{"line":5,"column":24}},"5":{"start":{"line":6,"column":17},"end":{"line":6,"column":36}},"6":{"start":{"line":7,"column":13},"end":{"line":7,"column":28}},"7":{"start":{"line":8,"column":20},"end":{"line":8,"column":45}},"8":{"start":{"line":9,"column":25},"end":{"line":9,"column":61}},"9":{"start":{"line":10,"column":23},"end":{"line":10,"column":58}},"10":{"start":{"line":11,"column":15},"end":{"line":11,"column":32}},"11":{"start":{"line":12,"column":15},"end":{"line":12,"column":32}},"12":{"start":{"line":13,"column":20},"end":{"line":13,"column":42}},"13":{"start":{"line":15,"column":12},"end":{"line":15,"column":21}},"14":{"start":{"line":17,"column":0},"end":{"line":17,"column":16}},"15":{"start":{"line":19,"column":0},"end":{"line":19,"column":24}},"16":{"start":{"line":20,"column":0},"end":{"line":20,"column":18}},"17":{"start":{"line":21,"column":0},"end":{"line":21,"column":23}},"18":{"start":{"line":22,"column":0},"end":{"line":22,"column":23}},"19":{"start":{"line":23,"column":0},"end":{"line":23,"column":31}},"20":{"start":{"line":25,"column":0},"end":{"line":27,"column":3}},"21":{"start":{"line":26,"column":2},"end":{"line":26,"column":47}},"22":{"start":{"line":29,"column":0},"end":{"line":33,"column":3}},"23":{"start":{"line":30,"column":2},"end":{"line":32,"column":5}},"24":{"start":{"line":35,"column":0},"end":{"line":35,"column":22}},"25":{"start":{"line":37,"column":0},"end":{"line":37,"column":68}},"26":{"start":{"line":39,"column":0},"end":{"line":39,"column":21}}},"fnMap":{"0":{"name":"(anonymous_0)","decl":{"start":{"line":25,"column":26},"end":{"line":25,"column":27}},"loc":{"start":{"line":25,"column":33},"end":{"line":27,"column":1}},"line":25},"1":{"name":"(anonymous_1)","decl":{"start":{"line":29,"column":13},"end":{"line":29,"column":14}},"loc":{"start":{"line":29,"column":27},"end":{"line":33,"column":1}},"line":29}},"branchMap":{},"s":{"0":15,"1":15,"2":15,"3":15,"4":15,"5":15,"6":15,"7":15,"8":15,"9":15,"10":15,"11":15,"12":15,"13":15,"14":15,"15":15,"16":15,"17":15,"18":15,"19":15,"20":15,"21":30,"22":15,"23":0,"24":15,"25":15,"26":15},"f":{"0":30,"1":0},"b":{},"_coverageSchema":"1a1c01bbd47fc00a2c39e90264f33305004495a9","hash":"4db47076612b83fce58a8b134239e8061b31a9b0"}
,"C:\\Users\\Admin\\Desktop\\Tennesson\\scr\\config\\env.js": {"path":"C:\\Users\\Admin\\Desktop\\Tennesson\\scr\\config\\env.js","statementMap":{"0":{"start":{"line":1,"column":20},"end":{"line":1,"column":55}},"1":{"start":{"line":3,"column":0},"end":{"line":7,"column":3}},"2":{"start":{"line":4,"column":2},"end":{"line":6,"column":3}},"3":{"start":{"line":5,"column":4},"end":{"line":5,"column":74}}},"fnMap":{"0":{"name":"(anonymous_0)","decl":{"start":{"line":3,"column":20},"end":{"line":3,"column":21}},"loc":{"start":{"line":3,"column":34},"end":{"line":7,"column":1}},"line":3}},"branchMap":{"0":{"loc":{"start":{"line":4,"column":2},"end":{"line":6,"column":3}},"type":"if","locations":[{"start":{"line":4,"column":2},"end":{"line":6,"column":3}},{"start":{},"end":{}}],"line":4}},"s":{"0":15,"1":15,"2":45,"3":0},"f":{"0":45},"b":{"0":[0,45]},"_coverageSchema":"1a1c01bbd47fc00a2c39e90264f33305004495a9","hash":"28d7cd05d9196de7791fcece8e98cfe5f89fcbd4"}
,"C:\\Users\\Admin\\Desktop\\Tennesson\\scr\\config\\swagger.js": {"path":"C:\\Users\\Admin\\Desktop\\Tennesson\\scr\\config\\swagger.js","statementMap":{"0":{"start":{"line":1,"column":21},"end":{"line":1,"column":45}},"1":{"start":{"line":3,"column":16},"end":{"line":37,"column":1}},"2":{"start":{"line":39,"column":0},"end":{"line":39,"column":39}}},"fnMap":{},"branchMap":{},"s":{"0":15,"1":15,"2":15},"f":{},"b":{},"_coverageSchema":"1a1c01bbd47fc00a2c39e90264f33305004495a9","hash":"6c2f924d40ff2efb459902e7d08eae2c9dc6a440"}
,"C:\\Users\\Admin\\Desktop\\Tennesson\\scr\\confiq\\Db.js": {"path":"C:\\Users\\Admin\\Desktop\\Tennesson\\scr\\confiq\\Db.js","statementMap":{"0":{"start":{"line":1,"column":17},"end":{"line":1,"column":36}},"1":{"start":{"line":2,"column":0},"end":{"line":2,"column":27}},"2":{"start":{"line":5,"column":2},"end":{"line":7,"column":27}},"3":{"start":{"line":9,"column":18},"end":{"line":19,"column":1}},"4":{"start":{"line":10,"column":2},"end":{"line":18,"column":3}},"5":{"start":{"line":11,"column":4},"end":{"line":11,"column":37}},"6":{"start":{"line":12,"column":4},"end":{"line":14,"column":6}},"7":{"start":{"line":16,"column":4},"end":{"line":16,"column":57}},"8":{"start":{"line":17,"column":4},"end":{"line":17,"column":20}},"9":{"start":{"line":21,"column":0},"end":{"line":21,"column":27}}},"fnMap":{"0":{"name":"(anonymous_0)","decl":{"start":{"line":9,"column":18},"end":{"line":9,"column":19}},"loc":{"start":{"line":9,"column":30},"end":{"line":19,"column":1}},"line":9}},"branchMap":{"0":{"loc":{"start":{"line":5,"column":2},"end":{"line":7,"column":27}},"type":"cond-expr","locations":[{"start":{"line":6,"column":6},"end":{"line":6,"column":32}},{"start":{"line":7,"column":6},"end":{"line":7,"column":27}}],"line":5},"1":{"loc":{"start":{"line":13,"column":28},"end":{"line":13,"column":65}},"type":"binary-expr","locations":[{"start":{"line":13,"column":28},"end":{"line":13,"column":48}},{"start":{"line":13,"column":52},"end":{"line":13,"column":65}}],"line":13}},"s":{"0":15,"1":15,"2":15,"3":15,"4":15,"5":15,"6":15,"7":0,"8":0,"9":15},"f":{"0":15},"b":{"0":[15,0],"1":[15,0]},"_coverageSchema":"1a1c01bbd47fc00a2c39e90264f33305004495a9","hash":"a1f99f32b11a72c3322e4703c346d022922461a5"}
,"C:\\Users\\Admin\\Desktop\\Tennesson\\scr\\controllers\\authController.js": {"path":"C:\\Users\\Admin\\Desktop\\Tennesson\\scr\\controllers\\authController.js","statementMap":{"0":{"start":{"line":1,"column":14},"end":{"line":1,"column":40}},"1":{"start":{"line":2,"column":15},"end":{"line":2,"column":32}},"2":{"start":{"line":3,"column":12},"end":{"line":3,"column":35}},"3":{"start":{"line":4,"column":22},"end":{"line":4,"column":55}},"4":{"start":{"line":6,"column":0},"end":{"line":63,"column":2}},"5":{"start":{"line":7,"column":2},"end":{"line":62,"column":3}},"6":{"start":{"line":8,"column":42},"end":{"line":8,"column":50}},"7":{"start":{"line":10,"column":4},"end":{"line":15,"column":5}},"8":{"start":{"line":11,"column":6},"end":{"line":14,"column":9}},"9":{"start":{"line":17,"column":26},"end":{"line":17,"column":56}},"10":{"start":{"line":19,"column":4},"end":{"line":24,"column":5}},"11":{"start":{"line":20,"column":6},"end":{"line":23,"column":9}},"12":{"start":{"line":26,"column":27},"end":{"line":26,"column":58}},"13":{"start":{"line":28,"column":18},"end":{"line":32,"column":6}},"14":{"start":{"line":34,"column":18},"end":{"line":44,"column":5}},"15":{"start":{"line":46,"column":4},"end":{"line":56,"column":7}},"16":{"start":{"line":58,"column":4},"end":{"line":61,"column":7}},"17":{"start":{"line":65,"column":0},"end":{"line":118,"column":2}},"18":{"start":{"line":66,"column":2},"end":{"line":117,"column":3}},"19":{"start":{"line":67,"column":32},"end":{"line":67,"column":40}},"20":{"start":{"line":70,"column":4},"end":{"line":75,"column":5}},"21":{"start":{"line":71,"column":6},"end":{"line":74,"column":9}},"22":{"start":{"line":78,"column":18},"end":{"line":80,"column":6}},"23":{"start":{"line":82,"column":4},"end":{"line":87,"column":5}},"24":{"start":{"line":83,"column":6},"end":{"line":86,"column":9}},"25":{"start":{"line":90,"column":20},"end":{"line":90,"column":66}},"26":{"start":{"line":92,"column":4},"end":{"line":97,"column":5}},"27":{"start":{"line":93,"column":6},"end":{"line":96,"column":9}},"28":{"start":{"line":99,"column":18},"end":{"line":99,"column":38}},"29":{"start":{"line":101,"column":4},"end":{"line":111,"column":7}},"30":{"start":{"line":113,"column":4},"end":{"line":116,"column":7}}},"fnMap":{"0":{"name":"(anonymous_0)","decl":{"start":{"line":6,"column":24},"end":{"line":6,"column":25}},"loc":{"start":{"line":6,"column":44},"end":{"line":63,"column":1}},"line":6},"1":{"name":"(anonymous_1)","decl":{"start":{"line":65,"column":21},"end":{"line":65,"column":22}},"loc":{"start":{"line":65,"column":41},"end":{"line":118,"column":1}},"line":65}},"branchMap":{"0":{"loc":{"start":{"line":10,"column":4},"end":{"line":15,"column":5}},"type":"if","locations":[{"start":{"line":10,"column":4},"end":{"line":15,"column":5}},{"start":{},"end":{}}],"line":10},"1":{"loc":{"start":{"line":10,"column":8},"end":{"line":10,"column":40}},"type":"binary-expr","locations":[{"start":{"line":10,"column":8},"end":{"line":10,"column":17}},{"start":{"line":10,"column":21},"end":{"line":10,"column":27}},{"start":{"line":10,"column":31},"end":{"line":10,"column":40}}],"line":10},"2":{"loc":{"start":{"line":19,"column":4},"end":{"line":24,"column":5}},"type":"if","locations":[{"start":{"line":19,"column":4},"end":{"line":24,"column":5}},{"start":{},"end":{}}],"line":19},"3":{"loc":{"start":{"line":70,"column":4},"end":{"line":75,"column":5}},"type":"if","locations":[{"start":{"line":70,"column":4},"end":{"line":75,"column":5}},{"start":{},"end":{}}],"line":70},"4":{"loc":{"start":{"line":70,"column":8},"end":{"line":70,"column":27}},"type":"binary-expr","locations":[{"start":{"line":70,"column":8},"end":{"line":70,"column":14}},{"start":{"line":70,"column":18},"end":{"line":70,"column":27}}],"line":70},"5":{"loc":{"start":{"line":82,"column":4},"end":{"line":87,"column":5}},"type":"if","locations":[{"start":{"line":82,"column":4},"end":{"line":87,"column":5}},{"start":{},"end":{}}],"line":82},"6":{"loc":{"start":{"line":92,"column":4},"end":{"line":97,"column":5}},"type":"if","locations":[{"start":{"line":92,"column":4},"end":{"line":97,"column":5}},{"start":{},"end":{}}],"line":92}},"s":{"0":15,"1":15,"2":15,"3":15,"4":15,"5":14,"6":14,"7":14,"8":2,"9":12,"10":12,"11":1,"12":11,"13":11,"14":11,"15":11,"16":0,"17":15,"18":55,"19":55,"20":55,"21":1,"22":54,"23":54,"24":5,"25":49,"26":49,"27":0,"28":49,"29":49,"30":0},"f":{"0":14,"1":55},"b":{"0":[2,12],"1":[14,13,12],"2":[1,11],"3":[1,54],"4":[55,54],"5":[5,49],"6":[0,49]},"_coverageSchema":"1a1c01bbd47fc00a2c39e90264f33305004495a9","hash":"6a4e82d011ffdbd5c2a60a4e6da7ab1c3704298e"}
,"C:\\Users\\Admin\\Desktop\\Tennesson\\scr\\controllers\\studentcontroller.js": {"path":"C:\\Users\\Admin\\Desktop\\Tennesson\\scr\\controllers\\studentcontroller.js","statementMap":{"0":{"start":{"line":1,"column":13},"end":{"line":1,"column":28}},"1":{"start":{"line":2,"column":11},"end":{"line":2,"column":24}},"2":{"start":{"line":3,"column":21},"end":{"line":3,"column":53}},"3":{"start":{"line":4,"column":16},"end":{"line":4,"column":44}},"4":{"start":{"line":5,"column":26},"end":{"line":5,"column":63}},"5":{"start":{"line":6,"column":20},"end":{"line":6,"column":51}},"6":{"start":{"line":7,"column":20},"end":{"line":7,"column":52}},"7":{"start":{"line":9,"column":0},"end":{"line":68,"column":3}},"8":{"start":{"line":20,"column":6},"end":{"line":20,"column":14}},"9":{"start":{"line":22,"column":26},"end":{"line":31,"column":4}},"10":{"start":{"line":33,"column":2},"end":{"line":36,"column":3}},"11":{"start":{"line":34,"column":4},"end":{"line":34,"column":20}},"12":{"start":{"line":35,"column":4},"end":{"line":35,"column":68}},"13":{"start":{"line":38,"column":20},"end":{"line":38,"column":45}},"14":{"start":{"line":41,"column":18},"end":{"line":54,"column":4}},"15":{"start":{"line":56,"column":2},"end":{"line":61,"column":5}},"16":{"start":{"line":63,"column":2},"end":{"line":67,"column":5}},"17":{"start":{"line":70,"column":0},"end":{"line":94,"column":3}},"18":{"start":{"line":71,"column":15},"end":{"line":71,"column":42}},"19":{"start":{"line":72,"column":16},"end":{"line":72,"column":45}},"20":{"start":{"line":74,"column":15},"end":{"line":74,"column":33}},"21":{"start":{"line":76,"column":19},"end":{"line":78,"column":17}},"22":{"start":{"line":80,"column":24},"end":{"line":82,"column":4}},"23":{"start":{"line":84,"column":2},"end":{"line":93,"column":5}},"24":{"start":{"line":96,"column":0},"end":{"line":115,"column":3}},"25":{"start":{"line":97,"column":24},"end":{"line":97,"column":34}},"26":{"start":{"line":99,"column":18},"end":{"line":104,"column":49}},"27":{"start":{"line":106,"column":2},"end":{"line":109,"column":3}},"28":{"start":{"line":107,"column":4},"end":{"line":107,"column":20}},"29":{"start":{"line":108,"column":4},"end":{"line":108,"column":42}},"30":{"start":{"line":111,"column":2},"end":{"line":114,"column":5}},"31":{"start":{"line":117,"column":0},"end":{"line":151,"column":3}},"32":{"start":{"line":118,"column":24},"end":{"line":118,"column":34}},"33":{"start":{"line":120,"column":2},"end":{"line":120,"column":28}},"34":{"start":{"line":122,"column":18},"end":{"line":132,"column":3}},"35":{"start":{"line":134,"column":2},"end":{"line":137,"column":3}},"36":{"start":{"line":135,"column":4},"end":{"line":135,"column":20}},"37":{"start":{"line":136,"column":4},"end":{"line":136,"column":42}},"38":{"start":{"line":139,"column":2},"end":{"line":144,"column":5}},"39":{"start":{"line":146,"column":2},"end":{"line":150,"column":5}},"40":{"start":{"line":153,"column":0},"end":{"line":180,"column":3}},"41":{"start":{"line":154,"column":24},"end":{"line":154,"column":34}},"42":{"start":{"line":156,"column":18},"end":{"line":160,"column":3}},"43":{"start":{"line":162,"column":2},"end":{"line":165,"column":3}},"44":{"start":{"line":163,"column":4},"end":{"line":163,"column":20}},"45":{"start":{"line":164,"column":4},"end":{"line":164,"column":42}},"46":{"start":{"line":167,"column":2},"end":{"line":172,"column":5}},"47":{"start":{"line":174,"column":2},"end":{"line":174,"column":28}},"48":{"start":{"line":176,"column":2},"end":{"line":179,"column":5}},"49":{"start":{"line":182,"column":0},"end":{"line":208,"column":3}},"50":{"start":{"line":183,"column":24},"end":{"line":183,"column":34}},"51":{"start":{"line":185,"column":18},"end":{"line":196,"column":3}},"52":{"start":{"line":198,"column":2},"end":{"line":203,"column":5}},"53":{"start":{"line":204,"column":2},"end":{"line":207,"column":3}},"54":{"start":{"line":205,"column":4},"end":{"line":205,"column":20}},"55":{"start":{"line":206,"column":4},"end":{"line":206,"column":60}},"56":{"start":{"line":210,"column":0},"end":{"line":222,"column":3}},"57":{"start":{"line":211,"column":19},"end":{"line":215,"column":4}},"58":{"start":{"line":217,"column":2},"end":{"line":221,"column":5}},"59":{"start":{"line":224,"column":0},"end":{"line":248,"column":3}},"60":{"start":{"line":225,"column":24},"end":{"line":225,"column":34}},"61":{"start":{"line":227,"column":18},"end":{"line":232,"column":3}},"62":{"start":{"line":234,"column":2},"end":{"line":240,"column":3}},"63":{"start":{"line":235,"column":4},"end":{"line":239,"column":7}},"64":{"start":{"line":242,"column":2},"end":{"line":247,"column":5}},"65":{"start":{"line":250,"column":0},"end":{"line":288,"column":3}},"66":{"start":{"line":251,"column":24},"end":{"line":251,"column":54}},"67":{"start":{"line":253,"column":25},"end":{"line":255,"column":4}},"68":{"start":{"line":257,"column":27},"end":{"line":259,"column":4}},"69":{"start":{"line":261,"column":23},"end":{"line":264,"column":4}},"70":{"start":{"line":266,"column":25},"end":{"line":269,"column":4}},"71":{"start":{"line":271,"column":25},"end":{"line":274,"column":13}},"72":{"start":{"line":276,"column":2},"end":{"line":287,"column":5}},"73":{"start":{"line":290,"column":0},"end":{"line":420,"column":3}},"74":{"start":{"line":291,"column":19},"end":{"line":291,"column":47}},"75":{"start":{"line":293,"column":20},"end":{"line":293,"column":42}},"76":{"start":{"line":295,"column":20},"end":{"line":295,"column":46}},"77":{"start":{"line":297,"column":19},"end":{"line":297,"column":54}},"78":{"start":{"line":300,"column":2},"end":{"line":300,"column":31}},"79":{"start":{"line":302,"column":27},"end":{"line":302,"column":29}},"80":{"start":{"line":303,"column":26},"end":{"line":303,"column":28}},"81":{"start":{"line":305,"column":2},"end":{"line":402,"column":3}},"82":{"start":{"line":316,"column":8},"end":{"line":316,"column":15}},"83":{"start":{"line":319,"column":4},"end":{"line":333,"column":5}},"84":{"start":{"line":327,"column":6},"end":{"line":330,"column":9}},"85":{"start":{"line":332,"column":6},"end":{"line":332,"column":15}},"86":{"start":{"line":336,"column":4},"end":{"line":347,"column":5}},"87":{"start":{"line":337,"column":6},"end":{"line":344,"column":9}},"88":{"start":{"line":346,"column":6},"end":{"line":346,"column":15}},"89":{"start":{"line":350,"column":28},"end":{"line":359,"column":6}},"90":{"start":{"line":361,"column":4},"end":{"line":373,"column":5}},"91":{"start":{"line":362,"column":6},"end":{"line":370,"column":9}},"92":{"start":{"line":372,"column":6},"end":{"line":372,"column":15}},"93":{"start":{"line":376,"column":22},"end":{"line":376,"column":47}},"94":{"start":{"line":379,"column":23},"end":{"line":392,"column":6}},"95":{"start":{"line":395,"column":4},"end":{"line":401,"column":7}},"96":{"start":{"line":403,"column":2},"end":{"line":407,"column":5}},"97":{"start":{"line":409,"column":2},"end":{"line":419,"column":5}},"98":{"start":{"line":422,"column":0},"end":{"line":467,"column":3}},"99":{"start":{"line":424,"column":19},"end":{"line":428,"column":28}},"100":{"start":{"line":431,"column":15},"end":{"line":443,"column":5}},"101":{"start":{"line":431,"column":42},"end":{"line":443,"column":3}},"102":{"start":{"line":446,"column":19},"end":{"line":446,"column":40}},"103":{"start":{"line":449,"column":20},"end":{"line":449,"column":50}},"104":{"start":{"line":452,"column":2},"end":{"line":452,"column":64}},"105":{"start":{"line":455,"column":19},"end":{"line":455,"column":42}},"106":{"start":{"line":457,"column":2},"end":{"line":457,"column":37}},"107":{"start":{"line":459,"column":2},"end":{"line":463,"column":5}},"108":{"start":{"line":466,"column":2},"end":{"line":466,"column":42}},"109":{"start":{"line":469,"column":0},"end":{"line":479,"column":3}},"110":{"start":{"line":470,"column":15},"end":{"line":472,"column":28}},"111":{"start":{"line":474,"column":2},"end":{"line":478,"column":5}}},"fnMap":{"0":{"name":"(anonymous_0)","decl":{"start":{"line":9,"column":37},"end":{"line":9,"column":38}},"loc":{"start":{"line":9,"column":57},"end":{"line":68,"column":1}},"line":9},"1":{"name":"(anonymous_1)","decl":{"start":{"line":70,"column":35},"end":{"line":70,"column":36}},"loc":{"start":{"line":70,"column":55},"end":{"line":94,"column":1}},"line":70},"2":{"name":"(anonymous_2)","decl":{"start":{"line":96,"column":34},"end":{"line":96,"column":35}},"loc":{"start":{"line":96,"column":54},"end":{"line":115,"column":1}},"line":96},"3":{"name":"(anonymous_3)","decl":{"start":{"line":117,"column":37},"end":{"line":117,"column":38}},"loc":{"start":{"line":117,"column":57},"end":{"line":151,"column":1}},"line":117},"4":{"name":"(anonymous_4)","decl":{"start":{"line":153,"column":37},"end":{"line":153,"column":38}},"loc":{"start":{"line":153,"column":57},"end":{"line":180,"column":1}},"line":153},"5":{"name":"(anonymous_5)","decl":{"start":{"line":182,"column":38},"end":{"line":182,"column":39}},"loc":{"start":{"line":182,"column":58},"end":{"line":208,"column":1}},"line":182},"6":{"name":"(anonymous_6)","decl":{"start":{"line":210,"column":43},"end":{"line":210,"column":44}},"loc":{"start":{"line":210,"column":63},"end":{"line":222,"column":1}},"line":210},"7":{"name":"(anonymous_7)","decl":{"start":{"line":224,"column":37},"end":{"line":224,"column":38}},"loc":{"start":{"line":224,"column":57},"end":{"line":248,"column":1}},"line":224},"8":{"name":"(anonymous_8)","decl":{"start":{"line":250,"column":33},"end":{"line":250,"column":34}},"loc":{"start":{"line":250,"column":53},"end":{"line":288,"column":1}},"line":250},"9":{"name":"(anonymous_9)","decl":{"start":{"line":290,"column":42},"end":{"line":290,"column":43}},"loc":{"start":{"line":290,"column":62},"end":{"line":420,"column":1}},"line":290},"10":{"name":"(anonymous_10)","decl":{"start":{"line":422,"column":38},"end":{"line":422,"column":39}},"loc":{"start":{"line":422,"column":58},"end":{"line":467,"column":1}},"line":422},"11":{"name":"(anonymous_11)","decl":{"start":{"line":431,"column":28},"end":{"line":431,"column":29}},"loc":{"start":{"line":431,"column":42},"end":{"line":443,"column":3}},"line":431},"12":{"name":"(anonymous_12)","decl":{"start":{"line":469,"column":39},"end":{"line":469,"column":40}},"loc":{"start":{"line":469,"column":59},"end":{"line":479,"column":1}},"line":469}},"branchMap":{"0":{"loc":{"start":{"line":33,"column":2},"end":{"line":36,"column":3}},"type":"if","locations":[{"start":{"line":33,"column":2},"end":{"line":36,"column":3}},{"start":{},"end":{}}],"line":33},"1":{"loc":{"start":{"line":71,"column":15},"end":{"line":71,"column":42}},"type":"binary-expr","locations":[{"start":{"line":71,"column":15},"end":{"line":71,"column":37}},{"start":{"line":71,"column":41},"end":{"line":71,"column":42}}],"line":71},"2":{"loc":{"start":{"line":72,"column":16},"end":{"line":72,"column":45}},"type":"binary-expr","locations":[{"start":{"line":72,"column":16},"end":{"line":72,"column":39}},{"start":{"line":72,"column":43},"end":{"line":72,"column":45}}],"line":72},"3":{"loc":{"start":{"line":106,"column":2},"end":{"line":109,"column":3}},"type":"if","locations":[{"start":{"line":106,"column":2},"end":{"line":109,"column":3}},{"start":{},"end":{}}],"line":106},"4":{"loc":{"start":{"line":134,"column":2},"end":{"line":137,"column":3}},"type":"if","locations":[{"start":{"line":134,"column":2},"end":{"line":137,"column":3}},{"start":{},"end":{}}],"line":134},"5":{"loc":{"start":{"line":162,"column":2},"end":{"line":165,"column":3}},"type":"if","locations":[{"start":{"line":162,"column":2},"end":{"line":165,"column":3}},{"start":{},"end":{}}],"line":162},"6":{"loc":{"start":{"line":204,"column":2},"end":{"line":207,"column":3}},"type":"if","locations":[{"start":{"line":204,"column":2},"end":{"line":207,"column":3}},{"start":{},"end":{}}],"line":204},"7":{"loc":{"start":{"line":234,"column":2},"end":{"line":240,"column":3}},"type":"if","locations":[{"start":{"line":234,"column":2},"end":{"line":240,"column":3}},{"start":{},"end":{}}],"line":234},"8":{"loc":{"start":{"line":319,"column":4},"end":{"line":333,"column":5}},"type":"if","locations":[{"start":{"line":319,"column":4},"end":{"line":333,"column":5}},{"start":{},"end":{}}],"line":319},"9":{"loc":{"start":{"line":320,"column":6},"end":{"line":325,"column":14}},"type":"binary-expr","locations":[{"start":{"line":320,"column":6},"end":{"line":320,"column":16}},{"start":{"line":321,"column":6},"end":{"line":321,"column":15}},{"start":{"line":322,"column":6},"end":{"line":322,"column":13}},{"start":{"line":323,"column":6},"end":{"line":323,"column":18}},{"start":{"line":324,"column":6},"end":{"line":324,"column":19}},{"start":{"line":325,"column":6},"end":{"line":325,"column":14}}],"line":320},"10":{"loc":{"start":{"line":336,"column":4},"end":{"line":347,"column":5}},"type":"if","locations":[{"start":{"line":336,"column":4},"end":{"line":347,"column":5}},{"start":{},"end":{}}],"line":336},"11":{"loc":{"start":{"line":361,"column":4},"end":{"line":373,"column":5}},"type":"if","locations":[{"start":{"line":361,"column":4},"end":{"line":373,"column":5}},{"start":{},"end":{}}],"line":361}},"s":{"0":15,"1":15,"2":15,"3":15,"4":15,"5":15,"6":15,"7":15,"8":21,"9":21,"10":21,"11":0,"12":0,"13":21,"14":21,"15":21,"16":21,"17":15,"18":3,"19":3,"20":3,"21":3,"22":3,"23":3,"24":15,"25":1,"26":1,"27":1,"28":0,"29":0,"30":1,"31":15,"32":3,"33":3,"34":3,"35":3,"36":1,"37":1,"38":2,"39":2,"40":15,"41":2,"42":2,"43":2,"44":1,"45":1,"46":1,"47":1,"48":1,"49":15,"50":0,"51":0,"52":0,"53":0,"54":0,"55":0,"56":15,"57":0,"58":0,"59":15,"60":3,"61":3,"62":3,"63":2,"64":1,"65":15,"66":1,"67":1,"68":1,"69":1,"70":1,"71":1,"72":1,"73":15,"74":0,"75":0,"76":0,"77":0,"78":0,"79":0,"80":0,"81":0,"82":0,"83":0,"84":0,"85":0,"86":0,"87":0,"88":0,"89":0,"90":0,"91":0,"92":0,"93":0,"94":0,"95":0,"96":0,"97":0,"98":15,"99":0,"100":0,"101":0,"102":0,"103":0,"104":0,"105":0,"106":0,"107":0,"108":0,"109":15,"110":0,"111":0},"f":{"0":21,"1":3,"2":1,"3":3,"4":2,"5":0,"6":0,"7":3,"8":1,"9":0,"10":0,"11":0,"12":0},"b":{"0":[0,21],"1":[3,2],"2":[3,2],"3":[0,1],"4":[1,2],"5":[1,1],"6":[0,0],"7":[2,1],"8":[0,0],"9":[0,0,0,0,0,0],"10":[0,0],"11":[0,0]},"_coverageSchema":"1a1c01bbd47fc00a2c39e90264f33305004495a9","hash":"4edc7c4fd6a432ce730862b21756f52790ad262b"}
,"C:\\Users\\Admin\\Desktop\\Tennesson\\scr\\middleware\\authMiddleware.js": {"path":"C:\\Users\\Admin\\Desktop\\Tennesson\\scr\\middleware\\authMiddleware.js","statementMap":{"0":{"start":{"line":1,"column":12},"end":{"line":1,"column":35}},"1":{"start":{"line":2,"column":14},"end":{"line":2,"column":40}},"2":{"start":{"line":4,"column":0},"end":{"line":42,"column":2}},"3":{"start":{"line":5,"column":2},"end":{"line":41,"column":3}},"4":{"start":{"line":8,"column":4},"end":{"line":13,"column":5}},"5":{"start":{"line":12,"column":6},"end":{"line":12,"column":54}},"6":{"start":{"line":15,"column":4},"end":{"line":20,"column":5}},"7":{"start":{"line":16,"column":6},"end":{"line":19,"column":9}},"8":{"start":{"line":22,"column":20},"end":{"line":22,"column":61}},"9":{"start":{"line":24,"column":18},"end":{"line":24,"column":70}},"10":{"start":{"line":26,"column":4},"end":{"line":31,"column":5}},"11":{"start":{"line":27,"column":6},"end":{"line":30,"column":9}},"12":{"start":{"line":33,"column":4},"end":{"line":33,"column":22}},"13":{"start":{"line":35,"column":4},"end":{"line":35,"column":11}},"14":{"start":{"line":37,"column":4},"end":{"line":40,"column":7}}},"fnMap":{"0":{"name":"(anonymous_0)","decl":{"start":{"line":4,"column":18},"end":{"line":4,"column":19}},"loc":{"start":{"line":4,"column":44},"end":{"line":42,"column":1}},"line":4}},"branchMap":{"0":{"loc":{"start":{"line":8,"column":4},"end":{"line":13,"column":5}},"type":"if","locations":[{"start":{"line":8,"column":4},"end":{"line":13,"column":5}},{"start":{},"end":{}}],"line":8},"1":{"loc":{"start":{"line":9,"column":6},"end":{"line":10,"column":53}},"type":"binary-expr","locations":[{"start":{"line":9,"column":6},"end":{"line":9,"column":31}},{"start":{"line":10,"column":6},"end":{"line":10,"column":53}}],"line":9},"2":{"loc":{"start":{"line":15,"column":4},"end":{"line":20,"column":5}},"type":"if","locations":[{"start":{"line":15,"column":4},"end":{"line":20,"column":5}},{"start":{},"end":{}}],"line":15},"3":{"loc":{"start":{"line":26,"column":4},"end":{"line":31,"column":5}},"type":"if","locations":[{"start":{"line":26,"column":4},"end":{"line":31,"column":5}},{"start":{},"end":{}}],"line":26}},"s":{"0":15,"1":15,"2":15,"3":63,"4":63,"5":58,"6":63,"7":5,"8":58,"9":54,"10":54,"11":0,"12":54,"13":54,"14":4},"f":{"0":63},"b":{"0":[58,5],"1":[63,59],"2":[5,58],"3":[0,54]},"_coverageSchema":"1a1c01bbd47fc00a2c39e90264f33305004495a9","hash":"4ea6114ac3baccd66bc8af22da97722928ffcfcf"}
,"C:\\Users\\Admin\\Desktop\\Tennesson\\scr\\middleware\\authorize.js": {"path":"C:\\Users\\Admin\\Desktop\\Tennesson\\scr\\middleware\\authorize.js","statementMap":{"0":{"start":{"line":1,"column":0},"end":{"line":13,"column":2}},"1":{"start":{"line":2,"column":2},"end":{"line":12,"column":4}},"2":{"start":{"line":4,"column":4},"end":{"line":9,"column":5}},"3":{"start":{"line":5,"column":6},"end":{"line":8,"column":9}},"4":{"start":{"line":11,"column":4},"end":{"line":11,"column":11}}},"fnMap":{"0":{"name":"(anonymous_0)","decl":{"start":{"line":1,"column":20},"end":{"line":1,"column":21}},"loc":{"start":{"line":1,"column":34},"end":{"line":13,"column":1}},"line":1},"1":{"name":"(anonymous_1)","decl":{"start":{"line":2,"column":9},"end":{"line":2,"column":10}},"loc":{"start":{"line":2,"column":29},"end":{"line":12,"column":3}},"line":2}},"branchMap":{"0":{"loc":{"start":{"line":4,"column":4},"end":{"line":9,"column":5}},"type":"if","locations":[{"start":{"line":4,"column":4},"end":{"line":9,"column":5}},{"start":{},"end":{}}],"line":4}},"s":{"0":15,"1":15,"2":17,"3":3,"4":14},"f":{"0":15,"1":17},"b":{"0":[3,14]},"_coverageSchema":"1a1c01bbd47fc00a2c39e90264f33305004495a9","hash":"6c68dfd7e86d3d773aaa9b9ae5a62dae8e67da5d"}
,"C:\\Users\\Admin\\Desktop\\Tennesson\\scr\\middleware\\errorHandler.js": {"path":"C:\\Users\\Admin\\Desktop\\Tennesson\\scr\\middleware\\errorHandler.js","statementMap":{"0":{"start":{"line":1,"column":0},"end":{"line":9,"column":2}},"1":{"start":{"line":2,"column":21},"end":{"line":2,"column":66}},"2":{"start":{"line":4,"column":2},"end":{"line":8,"column":5}}},"fnMap":{"0":{"name":"(anonymous_0)","decl":{"start":{"line":1,"column":23},"end":{"line":1,"column":24}},"loc":{"start":{"line":1,"column":48},"end":{"line":9,"column":1}},"line":1}},"branchMap":{"0":{"loc":{"start":{"line":2,"column":21},"end":{"line":2,"column":66}},"type":"cond-expr","locations":[{"start":{"line":2,"column":46},"end":{"line":2,"column":49}},{"start":{"line":2,"column":52},"end":{"line":2,"column":66}}],"line":2},"1":{"loc":{"start":{"line":7,"column":11},"end":{"line":7,"column":67}},"type":"cond-expr","locations":[{"start":{"line":7,"column":51},"end":{"line":7,"column":55}},{"start":{"line":7,"column":58},"end":{"line":7,"column":67}}],"line":7}},"s":{"0":15,"1":5,"2":5},"f":{"0":5},"b":{"0":[0,5],"1":[0,5]},"_coverageSchema":"1a1c01bbd47fc00a2c39e90264f33305004495a9","hash":"a0ba343ace7396aa7466d0da7a514afa28c15f88"}
,"C:\\Users\\Admin\\Desktop\\Tennesson\\scr\\middleware\\rateLimiter.js": {"path":"C:\\Users\\Admin\\Desktop\\Tennesson\\scr\\middleware\\rateLimiter.js","statementMap":{"0":{"start":{"line":1,"column":18},"end":{"line":1,"column":47}},"1":{"start":{"line":3,"column":0},"end":{"line":12,"column":3}},"2":{"start":{"line":15,"column":0},"end":{"line":28,"column":3}},"3":{"start":{"line":27,"column":14},"end":{"line":27,"column":45}}},"fnMap":{"0":{"name":"(anonymous_0)","decl":{"start":{"line":27,"column":8},"end":{"line":27,"column":9}},"loc":{"start":{"line":27,"column":14},"end":{"line":27,"column":45}},"line":27}},"branchMap":{},"s":{"0":15,"1":15,"2":15,"3":6},"f":{"0":6},"b":{},"_coverageSchema":"1a1c01bbd47fc00a2c39e90264f33305004495a9","hash":"2f09c155df8207e6ade547551baa07123d1e64f0"}
,"C:\\Users\\Admin\\Desktop\\Tennesson\\scr\\middleware\\uploadMiddlewear.js": {"path":"C:\\Users\\Admin\\Desktop\\Tennesson\\scr\\middleware\\uploadMiddlewear.js","statementMap":{"0":{"start":{"line":1,"column":15},"end":{"line":1,"column":32}},"1":{"start":{"line":3,"column":16},"end":{"line":11,"column":2}},"2":{"start":{"line":5,"column":4},"end":{"line":5,"column":25}},"3":{"start":{"line":9,"column":4},"end":{"line":9,"column":51}},"4":{"start":{"line":13,"column":15},"end":{"line":27,"column":2}},"5":{"start":{"line":16,"column":20},"end":{"line":19,"column":5}},"6":{"start":{"line":21,"column":4},"end":{"line":25,"column":5}},"7":{"start":{"line":22,"column":6},"end":{"line":22,"column":21}},"8":{"start":{"line":24,"column":6},"end":{"line":24,"column":53}},"9":{"start":{"line":29,"column":0},"end":{"line":29,"column":24}}},"fnMap":{"0":{"name":"(anonymous_0)","decl":{"start":{"line":4,"column":15},"end":{"line":4,"column":16}},"loc":{"start":{"line":4,"column":34},"end":{"line":6,"column":3}},"line":4},"1":{"name":"(anonymous_1)","decl":{"start":{"line":8,"column":12},"end":{"line":8,"column":13}},"loc":{"start":{"line":8,"column":31},"end":{"line":10,"column":3}},"line":8},"2":{"name":"(anonymous_2)","decl":{"start":{"line":15,"column":14},"end":{"line":15,"column":15}},"loc":{"start":{"line":15,"column":33},"end":{"line":26,"column":3}},"line":15}},"branchMap":{"0":{"loc":{"start":{"line":21,"column":4},"end":{"line":25,"column":5}},"type":"if","locations":[{"start":{"line":21,"column":4},"end":{"line":25,"column":5}},{"start":{"line":23,"column":11},"end":{"line":25,"column":5}}],"line":21}},"s":{"0":15,"1":15,"2":0,"3":0,"4":15,"5":0,"6":0,"7":0,"8":0,"9":15},"f":{"0":0,"1":0,"2":0},"b":{"0":[0,0]},"_coverageSchema":"1a1c01bbd47fc00a2c39e90264f33305004495a9","hash":"78c6d79a26b7fd5dccd5dabeabb01ae01a05f533"}
,"C:\\Users\\Admin\\Desktop\\Tennesson\\scr\\middleware\\validateRequest.js": {"path":"C:\\Users\\Admin\\Desktop\\Tennesson\\scr\\middleware\\validateRequest.js","statementMap":{"0":{"start":{"line":1,"column":0},"end":{"line":19,"column":2}},"1":{"start":{"line":2,"column":2},"end":{"line":18,"column":4}},"2":{"start":{"line":3,"column":22},"end":{"line":6,"column":6}},"3":{"start":{"line":8,"column":4},"end":{"line":15,"column":5}},"4":{"start":{"line":9,"column":6},"end":{"line":9,"column":22}},"5":{"start":{"line":10,"column":6},"end":{"line":14,"column":8}},"6":{"start":{"line":12,"column":27},"end":{"line":12,"column":59}},"7":{"start":{"line":17,"column":4},"end":{"line":17,"column":11}}},"fnMap":{"0":{"name":"(anonymous_0)","decl":{"start":{"line":1,"column":19},"end":{"line":1,"column":20}},"loc":{"start":{"line":1,"column":31},"end":{"line":19,"column":1}},"line":1},"1":{"name":"(anonymous_1)","decl":{"start":{"line":2,"column":9},"end":{"line":2,"column":10}},"loc":{"start":{"line":2,"column":29},"end":{"line":18,"column":3}},"line":2},"2":{"name":"(anonymous_2)","decl":{"start":{"line":12,"column":15},"end":{"line":12,"column":16}},"loc":{"start":{"line":12,"column":27},"end":{"line":12,"column":59}},"line":12}},"branchMap":{"0":{"loc":{"start":{"line":8,"column":4},"end":{"line":15,"column":5}},"type":"if","locations":[{"start":{"line":8,"column":4},"end":{"line":15,"column":5}},{"start":{},"end":{}}],"line":8}},"s":{"0":15,"1":15,"2":24,"3":24,"4":3,"5":3,"6":3,"7":21},"f":{"0":15,"1":24,"2":3},"b":{"0":[3,21]},"_coverageSchema":"1a1c01bbd47fc00a2c39e90264f33305004495a9","hash":"ef62ffaf38957fccdefe7a08d531fde116dfa165"}
,"C:\\Users\\Admin\\Desktop\\Tennesson\\scr\\models\\Admin.js": {"path":"C:\\Users\\Admin\\Desktop\\Tennesson\\scr\\models\\Admin.js","statementMap":{"0":{"start":{"line":1,"column":17},"end":{"line":1,"column":36}},"1":{"start":{"line":3,"column":20},"end":{"line":34,"column":1}},"2":{"start":{"line":37,"column":2},"end":{"line":37,"column":63}},"3":{"start":{"line":39,"column":0},"end":{"line":39,"column":23}}},"fnMap":{},"branchMap":{"0":{"loc":{"start":{"line":37,"column":2},"end":{"line":37,"column":63}},"type":"binary-expr","locations":[{"start":{"line":37,"column":2},"end":{"line":37,"column":23}},{"start":{"line":37,"column":27},"end":{"line":37,"column":63}}],"line":37}},"s":{"0":15,"1":15,"2":15,"3":15},"f":{},"b":{"0":[15,15]},"_coverageSchema":"1a1c01bbd47fc00a2c39e90264f33305004495a9","hash":"4f2fb9284ed4394184aa331b2315c2acbd9bf55d"}
,"C:\\Users\\Admin\\Desktop\\Tennesson\\scr\\models\\activityLog.js": {"path":"C:\\Users\\Admin\\Desktop\\Tennesson\\scr\\models\\activityLog.js","statementMap":{"0":{"start":{"line":1,"column":17},"end":{"line":1,"column":36}},"1":{"start":{"line":3,"column":26},"end":{"line":29,"column":1}},"2":{"start":{"line":31,"column":20},"end":{"line":31,"column":68}},"3":{"start":{"line":33,"column":0},"end":{"line":33,"column":29}}},"fnMap":{},"branchMap":{},"s":{"0":15,"1":15,"2":15,"3":15},"f":{},"b":{},"_coverageSchema":"1a1c01bbd47fc00a2c39e90264f33305004495a9","hash":"e647d9526f6a2a45040bbd4fccd53a713f89e9ca"}
,"C:\\Users\\Admin\\Desktop\\Tennesson\\scr\\models\\counter.js": {"path":"C:\\Users\\Admin\\Desktop\\Tennesson\\scr\\models\\counter.js","statementMap":{"0":{"start":{"line":1,"column":17},"end":{"line":1,"column":36}},"1":{"start":{"line":3,"column":22},"end":{"line":13,"column":2}},"2":{"start":{"line":15,"column":16},"end":{"line":15,"column":56}},"3":{"start":{"line":16,"column":0},"end":{"line":16,"column":25}}},"fnMap":{},"branchMap":{},"s":{"0":15,"1":15,"2":15,"3":15},"f":{},"b":{},"_coverageSchema":"1a1c01bbd47fc00a2c39e90264f33305004495a9","hash":"d27b00eaab894dabbe8d4efc9c5e76f071a9b686"}
,"C:\\Users\\Admin\\Desktop\\Tennesson\\scr\\models\\student.js": {"path":"C:\\Users\\Admin\\Desktop\\Tennesson\\scr\\models\\student.js","statementMap":{"0":{"start":{"line":1,"column":17},"end":{"line":1,"column":36}},"1":{"start":{"line":3,"column":22},"end":{"line":85,"column":1}},"2":{"start":{"line":87,"column":16},"end":{"line":87,"column":56}},"3":{"start":{"line":88,"column":0},"end":{"line":88,"column":25}}},"fnMap":{},"branchMap":{},"s":{"0":15,"1":15,"2":15,"3":15},"f":{},"b":{},"_coverageSchema":"1a1c01bbd47fc00a2c39e90264f33305004495a9","hash":"7301d1341a29cbdb372a1de3187eda651d35dad2"}
,"C:\\Users\\Admin\\Desktop\\Tennesson\\scr\\routes\\authRoute.js": {"path":"C:\\Users\\Admin\\Desktop\\Tennesson\\scr\\routes\\authRoute.js","statementMap":{"0":{"start":{"line":1,"column":16},"end":{"line":1,"column":34}},"1":{"start":{"line":2,"column":38},"end":{"line":2,"column":78}},"2":{"start":{"line":3,"column":20},"end":{"line":3,"column":59}},"3":{"start":{"line":4,"column":22},"end":{"line":4,"column":56}},"4":{"start":{"line":5,"column":24},"end":{"line":5,"column":60}},"5":{"start":{"line":7,"column":15},"end":{"line":7,"column":31}},"6":{"start":{"line":8,"column":0},"end":{"line":13,"column":2}},"7":{"start":{"line":43,"column":0},"end":{"line":47,"column":2}},"8":{"start":{"line":49,"column":0},"end":{"line":49,"column":24}}},"fnMap":{},"branchMap":{"0":{"loc":{"start":{"line":45,"column":6},"end":{"line":45,"column":58}},"type":"cond-expr","locations":[{"start":{"line":45,"column":40},"end":{"line":45,"column":42}},{"start":{"line":45,"column":45},"end":{"line":45,"column":58}}],"line":45}},"s":{"0":15,"1":15,"2":15,"3":15,"4":15,"5":15,"6":15,"7":15,"8":15},"f":{},"b":{"0":[14,1]},"_coverageSchema":"1a1c01bbd47fc00a2c39e90264f33305004495a9","hash":"c06a4eb9b41f439b7596f9d48a241681e40ef916"}
,"C:\\Users\\Admin\\Desktop\\Tennesson\\scr\\routes\\studentsRoutes.js": {"path":"C:\\Users\\Admin\\Desktop\\Tennesson\\scr\\routes\\studentsRoutes.js","statementMap":{"0":{"start":{"line":1,"column":16},"end":{"line":1,"column":34}},"1":{"start":{"line":15,"column":4},"end":{"line":15,"column":47}},"2":{"start":{"line":16,"column":20},"end":{"line":16,"column":59}},"3":{"start":{"line":17,"column":21},"end":{"line":17,"column":61}},"4":{"start":{"line":18,"column":26},"end":{"line":18,"column":67}},"5":{"start":{"line":19,"column":15},"end":{"line":19,"column":56}},"6":{"start":{"line":21,"column":15},"end":{"line":21,"column":31}},"7":{"start":{"line":23,"column":0},"end":{"line":28,"column":2}},"8":{"start":{"line":29,"column":0},"end":{"line":29,"column":54}},"9":{"start":{"line":30,"column":0},"end":{"line":30,"column":55}},"10":{"start":{"line":31,"column":0},"end":{"line":31,"column":56}},"11":{"start":{"line":32,"column":0},"end":{"line":32,"column":74}},"12":{"start":{"line":33,"column":0},"end":{"line":33,"column":46}},"13":{"start":{"line":34,"column":0},"end":{"line":34,"column":66}},"14":{"start":{"line":35,"column":0},"end":{"line":35,"column":56}},"15":{"start":{"line":36,"column":0},"end":{"line":36,"column":59}},"16":{"start":{"line":37,"column":0},"end":{"line":37,"column":62}},"17":{"start":{"line":38,"column":0},"end":{"line":38,"column":70}},"18":{"start":{"line":39,"column":0},"end":{"line":39,"column":63}},"19":{"start":{"line":41,"column":0},"end":{"line":41,"column":24}}},"fnMap":{},"branchMap":{},"s":{"0":15,"1":15,"2":15,"3":15,"4":15,"5":15,"6":15,"7":15,"8":15,"9":15,"10":15,"11":15,"12":15,"13":15,"14":15,"15":15,"16":15,"17":15,"18":15,"19":15},"f":{},"b":{},"_coverageSchema":"1a1c01bbd47fc00a2c39e90264f33305004495a9","hash":"c5ed62cf17acec2e9f009eacc7f858814e6d58be"}
,"C:\\Users\\Admin\\Desktop\\Tennesson\\scr\\test\\helpers\\setupAdmin.js": {"path":"C:\\Users\\Admin\\Desktop\\Tennesson\\scr\\test\\helpers\\setupAdmin.js","statementMap":{"0":{"start":{"line":1,"column":16},"end":{"line":1,"column":36}},"1":{"start":{"line":2,"column":12},"end":{"line":2,"column":32}},"2":{"start":{"line":3,"column":14},"end":{"line":3,"column":43}},"3":{"start":{"line":4,"column":15},"end":{"line":4,"column":32}},"4":{"start":{"line":6,"column":19},"end":{"line":52,"column":1}},"5":{"start":{"line":8,"column":22},"end":{"line":8,"column":56}},"6":{"start":{"line":10,"column":25},"end":{"line":10,"column":61}},"7":{"start":{"line":12,"column":2},"end":{"line":17,"column":5}},"8":{"start":{"line":19,"column":26},"end":{"line":24,"column":6}},"9":{"start":{"line":26,"column":26},"end":{"line":26,"column":52}},"10":{"start":{"line":29,"column":21},"end":{"line":29,"column":50}},"11":{"start":{"line":31,"column":27},"end":{"line":38,"column":6}},"12":{"start":{"line":41,"column":24},"end":{"line":46,"column":6}},"13":{"start":{"line":48,"column":4},"end":{"line":48,"column":47}},"14":{"start":{"line":50,"column":2},"end":{"line":50,"column":34}},"15":{"start":{"line":54,"column":0},"end":{"line":54,"column":28}}},"fnMap":{"0":{"name":"(anonymous_0)","decl":{"start":{"line":6,"column":19},"end":{"line":6,"column":20}},"loc":{"start":{"line":6,"column":31},"end":{"line":52,"column":1}},"line":6}},"branchMap":{},"s":{"0":3,"1":3,"2":3,"3":3,"4":3,"5":7,"6":7,"7":7,"8":7,"9":7,"10":7,"11":7,"12":7,"13":7,"14":7,"15":3},"f":{"0":7},"b":{},"_coverageSchema":"1a1c01bbd47fc00a2c39e90264f33305004495a9","hash":"e421326cfcba685e311e121977d902a77b31f86d"}
,"C:\\Users\\Admin\\Desktop\\Tennesson\\scr\\utils\\generateStudentID.js": {"path":"C:\\Users\\Admin\\Desktop\\Tennesson\\scr\\utils\\generateStudentID.js","statementMap":{"0":{"start":{"line":1,"column":16},"end":{"line":1,"column":44}},"1":{"start":{"line":3,"column":26},"end":{"line":18,"column":1}},"2":{"start":{"line":4,"column":18},"end":{"line":11,"column":3}},"3":{"start":{"line":13,"column":19},"end":{"line":13,"column":40}},"4":{"start":{"line":15,"column":20},"end":{"line":15,"column":61}},"5":{"start":{"line":17,"column":2},"end":{"line":17,"column":19}},"6":{"start":{"line":20,"column":0},"end":{"line":20,"column":35}}},"fnMap":{"0":{"name":"(anonymous_0)","decl":{"start":{"line":3,"column":26},"end":{"line":3,"column":27}},"loc":{"start":{"line":3,"column":38},"end":{"line":18,"column":1}},"line":3}},"branchMap":{},"s":{"0":15,"1":15,"2":21,"3":21,"4":21,"5":21,"6":15},"f":{"0":21},"b":{},"_coverageSchema":"1a1c01bbd47fc00a2c39e90264f33305004495a9","hash":"1ef46626ae4dbfcad76cdf4368fb8a3c5cdeead3"}
,"C:\\Users\\Admin\\Desktop\\Tennesson\\scr\\utils\\generateToken.js": {"path":"C:\\Users\\Admin\\Desktop\\Tennesson\\scr\\utils\\generateToken.js","statementMap":{"0":{"start":{"line":1,"column":12},"end":{"line":1,"column":35}},"1":{"start":{"line":3,"column":22},"end":{"line":14,"column":1}},"2":{"start":{"line":4,"column":2},"end":{"line":13,"column":4}},"3":{"start":{"line":16,"column":0},"end":{"line":16,"column":31}}},"fnMap":{"0":{"name":"(anonymous_0)","decl":{"start":{"line":3,"column":22},"end":{"line":3,"column":23}},"loc":{"start":{"line":3,"column":33},"end":{"line":14,"column":1}},"line":3}},"branchMap":{},"s":{"0":15,"1":15,"2":49,"3":15},"f":{"0":49},"b":{},"_coverageSchema":"1a1c01bbd47fc00a2c39e90264f33305004495a9","hash":"0985aaa4ac3f3ed1bd6155b9ba5b53de538fde63"}
,"C:\\Users\\Admin\\Desktop\\Tennesson\\scr\\utils\\logActivity.js": {"path":"C:\\Users\\Admin\\Desktop\\Tennesson\\scr\\utils\\logActivity.js","statementMap":{"0":{"start":{"line":1,"column":20},"end":{"line":1,"column":52}},"1":{"start":{"line":3,"column":20},"end":{"line":15,"column":1}},"2":{"start":{"line":9,"column":2},"end":{"line":14,"column":5}},"3":{"start":{"line":17,"column":0},"end":{"line":17,"column":29}}},"fnMap":{"0":{"name":"(anonymous_0)","decl":{"start":{"line":3,"column":20},"end":{"line":3,"column":21}},"loc":{"start":{"line":8,"column":6},"end":{"line":15,"column":1}},"line":8}},"branchMap":{"0":{"loc":{"start":{"line":6,"column":2},"end":{"line":6,"column":18}},"type":"default-arg","locations":[{"start":{"line":6,"column":14},"end":{"line":6,"column":18}}],"line":6},"1":{"loc":{"start":{"line":7,"column":2},"end":{"line":7,"column":14}},"type":"default-arg","locations":[{"start":{"line":7,"column":12},"end":{"line":7,"column":14}}],"line":7}},"s":{"0":15,"1":15,"2":24,"3":15},"f":{"0":24},"b":{"0":[0],"1":[0]},"_coverageSchema":"1a1c01bbd47fc00a2c39e90264f33305004495a9","hash":"9f3c6ed3b84cb789fc3708aff24cdb94c4ade6d8"}
,"C:\\Users\\Admin\\Desktop\\Tennesson\\scr\\validators\\studentValidator.js": {"path":"C:\\Users\\Admin\\Desktop\\Tennesson\\scr\\validators\\studentValidator.js","statementMap":{"0":{"start":{"line":1,"column":12},"end":{"line":1,"column":26}},"1":{"start":{"line":3,"column":0},"end":{"line":21,"column":3}}},"fnMap":{},"branchMap":{},"s":{"0":15,"1":15},"f":{},"b":{},"_coverageSchema":"1a1c01bbd47fc00a2c39e90264f33305004495a9","hash":"a8a4cfd5129c7b4d9c40fe32b4648dd2e3b75bad"}
}
