TN:
SF:app.js
FN:25,(anonymous_0)
FN:29,(anonymous_1)
FNF:2
FNH:1
FNDA:30,(anonymous_0)
FNDA:0,(anonymous_1)
DA:1,15
DA:2,15
DA:3,15
DA:4,15
DA:5,15
DA:6,15
DA:7,15
DA:8,15
DA:9,15
DA:10,15
DA:11,15
DA:12,15
DA:13,15
DA:15,15
DA:17,15
DA:19,15
DA:20,15
DA:21,15
DA:22,15
DA:23,15
DA:25,15
DA:26,30
DA:29,15
DA:30,0
DA:35,15
DA:37,15
DA:39,15
LF:27
LH:26
BRF:0
BRH:0
end_of_record
TN:
SF:config\env.js
FN:3,(anonymous_0)
FNF:1
FNH:1
FNDA:45,(anonymous_0)
DA:1,15
DA:3,15
DA:4,45
DA:5,0
LF:4
LH:3
BRDA:4,0,0,0
BRDA:4,0,1,45
BRF:2
BRH:1
end_of_record
TN:
SF:config\swagger.js
FNF:0
FNH:0
DA:1,15
DA:3,15
DA:39,15
LF:3
LH:3
BRF:0
BRH:0
end_of_record
TN:
SF:confiq\Db.js
FN:9,(anonymous_0)
FNF:1
FNH:1
FNDA:15,(anonymous_0)
DA:1,15
DA:2,15
DA:5,15
DA:9,15
DA:10,15
DA:11,15
DA:12,15
DA:16,0
DA:17,0
DA:21,15
LF:10
LH:8
BRDA:5,0,0,15
BRDA:5,0,1,0
BRDA:13,1,0,15
BRDA:13,1,1,0
BRF:4
BRH:2
end_of_record
TN:
SF:controllers\authController.js
FN:6,(anonymous_0)
FN:65,(anonymous_1)
FNF:2
FNH:2
FNDA:14,(anonymous_0)
FNDA:55,(anonymous_1)
DA:1,15
DA:2,15
DA:3,15
DA:4,15
DA:6,15
DA:7,14
DA:8,14
DA:10,14
DA:11,2
DA:17,12
DA:19,12
DA:20,1
DA:26,11
DA:28,11
DA:34,11
DA:46,11
DA:58,0
DA:65,15
DA:66,55
DA:67,55
DA:70,55
DA:71,1
DA:78,54
DA:82,54
DA:83,5
DA:90,49
DA:92,49
DA:93,0
DA:99,49
DA:101,49
DA:113,0
LF:31
LH:28
BRDA:10,0,0,2
BRDA:10,0,1,12
BRDA:10,1,0,14
BRDA:10,1,1,13
BRDA:10,1,2,12
BRDA:19,2,0,1
BRDA:19,2,1,11
BRDA:70,3,0,1
BRDA:70,3,1,54
BRDA:70,4,0,55
BRDA:70,4,1,54
BRDA:82,5,0,5
BRDA:82,5,1,49
BRDA:92,6,0,0
BRDA:92,6,1,49
BRF:15
BRH:14
end_of_record
TN:
SF:controllers\studentcontroller.js
FN:9,(anonymous_0)
FN:70,(anonymous_1)
FN:96,(anonymous_2)
FN:117,(anonymous_3)
FN:153,(anonymous_4)
FN:182,(anonymous_5)
FN:210,(anonymous_6)
FN:224,(anonymous_7)
FN:250,(anonymous_8)
FN:290,(anonymous_9)
FN:422,(anonymous_10)
FN:431,(anonymous_11)
FN:469,(anonymous_12)
FNF:13
FNH:7
FNDA:21,(anonymous_0)
FNDA:3,(anonymous_1)
FNDA:1,(anonymous_2)
FNDA:3,(anonymous_3)
FNDA:2,(anonymous_4)
FNDA:0,(anonymous_5)
FNDA:0,(anonymous_6)
FNDA:3,(anonymous_7)
FNDA:1,(anonymous_8)
FNDA:0,(anonymous_9)
FNDA:0,(anonymous_10)
FNDA:0,(anonymous_11)
FNDA:0,(anonymous_12)
DA:1,15
DA:2,15
DA:3,15
DA:4,15
DA:5,15
DA:6,15
DA:7,15
DA:9,15
DA:20,21
DA:22,21
DA:33,21
DA:34,0
DA:35,0
DA:38,21
DA:41,21
DA:56,21
DA:63,21
DA:70,15
DA:71,3
DA:72,3
DA:74,3
DA:76,3
DA:80,3
DA:84,3
DA:96,15
DA:97,1
DA:99,1
DA:106,1
DA:107,0
DA:108,0
DA:111,1
DA:117,15
DA:118,3
DA:120,3
DA:122,3
DA:134,3
DA:135,1
DA:136,1
DA:139,2
DA:146,2
DA:153,15
DA:154,2
DA:156,2
DA:162,2
DA:163,1
DA:164,1
DA:167,1
DA:174,1
DA:176,1
DA:182,15
DA:183,0
DA:185,0
DA:198,0
DA:204,0
DA:205,0
DA:206,0
DA:210,15
DA:211,0
DA:217,0
DA:224,15
DA:225,3
DA:227,3
DA:234,3
DA:235,2
DA:242,1
DA:250,15
DA:251,1
DA:253,1
DA:257,1
DA:261,1
DA:266,1
DA:271,1
DA:276,1
DA:290,15
DA:291,0
DA:293,0
DA:295,0
DA:297,0
DA:300,0
DA:302,0
DA:303,0
DA:305,0
DA:316,0
DA:319,0
DA:327,0
DA:332,0
DA:336,0
DA:337,0
DA:346,0
DA:350,0
DA:361,0
DA:362,0
DA:372,0
DA:376,0
DA:379,0
DA:395,0
DA:403,0
DA:409,0
DA:422,15
DA:424,0
DA:431,0
DA:446,0
DA:449,0
DA:452,0
DA:455,0
DA:457,0
DA:459,0
DA:466,0
DA:469,15
DA:470,0
DA:474,0
LF:111
LH:64
BRDA:33,0,0,0
BRDA:33,0,1,21
BRDA:71,1,0,3
BRDA:71,1,1,2
BRDA:72,2,0,3
BRDA:72,2,1,2
BRDA:106,3,0,0
BRDA:106,3,1,1
BRDA:134,4,0,1
BRDA:134,4,1,2
BRDA:162,5,0,1
BRDA:162,5,1,1
BRDA:204,6,0,0
BRDA:204,6,1,0
BRDA:234,7,0,2
BRDA:234,7,1,1
BRDA:319,8,0,0
BRDA:319,8,1,0
BRDA:320,9,0,0
BRDA:320,9,1,0
BRDA:320,9,2,0
BRDA:320,9,3,0
BRDA:320,9,4,0
BRDA:320,9,5,0
BRDA:336,10,0,0
BRDA:336,10,1,0
BRDA:361,11,0,0
BRDA:361,11,1,0
BRF:28
BRH:12
end_of_record
TN:
SF:middleware\authMiddleware.js
FN:4,(anonymous_0)
FNF:1
FNH:1
FNDA:63,(anonymous_0)
DA:1,15
DA:2,15
DA:4,15
DA:5,63
DA:8,63
DA:12,58
DA:15,63
DA:16,5
DA:22,58
DA:24,54
DA:26,54
DA:27,0
DA:33,54
DA:35,54
DA:37,4
LF:15
LH:14
BRDA:8,0,0,58
BRDA:8,0,1,5
BRDA:9,1,0,63
BRDA:9,1,1,59
BRDA:15,2,0,5
BRDA:15,2,1,58
BRDA:26,3,0,0
BRDA:26,3,1,54
BRF:8
BRH:7
end_of_record
TN:
SF:middleware\authorize.js
FN:1,(anonymous_0)
FN:2,(anonymous_1)
FNF:2
FNH:2
FNDA:15,(anonymous_0)
FNDA:17,(anonymous_1)
DA:1,15
DA:2,15
DA:4,17
DA:5,3
DA:11,14
LF:5
LH:5
BRDA:4,0,0,3
BRDA:4,0,1,14
BRF:2
BRH:2
end_of_record
TN:
SF:middleware\errorHandler.js
FN:1,(anonymous_0)
FNF:1
FNH:1
FNDA:5,(anonymous_0)
DA:1,15
DA:2,5
DA:4,5
LF:3
LH:3
BRDA:2,0,0,0
BRDA:2,0,1,5
BRDA:7,1,0,0
BRDA:7,1,1,5
BRF:4
BRH:2
end_of_record
TN:
SF:middleware\rateLimiter.js
FN:27,(anonymous_0)
FNF:1
FNH:1
FNDA:6,(anonymous_0)
DA:1,15
DA:3,15
DA:15,15
DA:27,6
LF:4
LH:4
BRF:0
BRH:0
end_of_record
TN:
SF:middleware\uploadMiddlewear.js
FN:4,(anonymous_0)
FN:8,(anonymous_1)
FN:15,(anonymous_2)
FNF:3
FNH:0
FNDA:0,(anonymous_0)
FNDA:0,(anonymous_1)
FNDA:0,(anonymous_2)
DA:1,15
DA:3,15
DA:5,0
DA:9,0
DA:13,15
DA:16,0
DA:21,0
DA:22,0
DA:24,0
DA:29,15
LF:10
LH:4
BRDA:21,0,0,0
BRDA:21,0,1,0
BRF:2
BRH:0
end_of_record
TN:
SF:middleware\validateRequest.js
FN:1,(anonymous_0)
FN:2,(anonymous_1)
FN:12,(anonymous_2)
FNF:3
FNH:3
FNDA:15,(anonymous_0)
FNDA:24,(anonymous_1)
FNDA:3,(anonymous_2)
DA:1,15
DA:2,15
DA:3,24
DA:8,24
DA:9,3
DA:10,3
DA:12,3
DA:17,21
LF:8
LH:8
BRDA:8,0,0,3
BRDA:8,0,1,21
BRF:2
BRH:2
end_of_record
TN:
SF:models\Admin.js
FNF:0
FNH:0
DA:1,15
DA:3,15
DA:37,15
DA:39,15
LF:4
LH:4
BRDA:37,0,0,15
BRDA:37,0,1,15
BRF:2
BRH:2
end_of_record
TN:
SF:models\activityLog.js
FNF:0
FNH:0
DA:1,15
DA:3,15
DA:31,15
DA:33,15
LF:4
LH:4
BRF:0
BRH:0
end_of_record
TN:
SF:models\counter.js
FNF:0
FNH:0
DA:1,15
DA:3,15
DA:15,15
DA:16,15
LF:4
LH:4
BRF:0
BRH:0
end_of_record
TN:
SF:models\student.js
FNF:0
FNH:0
DA:1,15
DA:3,15
DA:87,15
DA:88,15
LF:4
LH:4
BRF:0
BRH:0
end_of_record
TN:
SF:routes\authRoute.js
FNF:0
FNH:0
DA:1,15
DA:2,15
DA:3,15
DA:4,15
DA:5,15
DA:7,15
DA:8,15
DA:43,15
DA:49,15
LF:9
LH:9
BRDA:45,0,0,14
BRDA:45,0,1,1
BRF:2
BRH:2
end_of_record
TN:
SF:routes\studentsRoutes.js
FNF:0
FNH:0
DA:1,15
DA:15,15
DA:16,15
DA:17,15
DA:18,15
DA:19,15
DA:21,15
DA:23,15
DA:29,15
DA:30,15
DA:31,15
DA:32,15
DA:33,15
DA:34,15
DA:35,15
DA:36,15
DA:37,15
DA:38,15
DA:39,15
DA:41,15
LF:20
LH:20
BRF:0
BRH:0
end_of_record
TN:
SF:test\helpers\setupAdmin.js
FN:6,(anonymous_0)
FNF:1
FNH:1
FNDA:7,(anonymous_0)
DA:1,3
DA:2,3
DA:3,3
DA:4,3
DA:6,3
DA:8,7
DA:10,7
DA:12,7
DA:19,7
DA:26,7
DA:29,7
DA:31,7
DA:41,7
DA:48,7
DA:50,7
DA:54,3
LF:16
LH:16
BRF:0
BRH:0
end_of_record
TN:
SF:utils\generateStudentID.js
FN:3,(anonymous_0)
FNF:1
FNH:1
FNDA:21,(anonymous_0)
DA:1,15
DA:3,15
DA:4,21
DA:13,21
DA:15,21
DA:17,21
DA:20,15
LF:7
LH:7
BRF:0
BRH:0
end_of_record
TN:
SF:utils\generateToken.js
FN:3,(anonymous_0)
FNF:1
FNH:1
FNDA:49,(anonymous_0)
DA:1,15
DA:3,15
DA:4,49
DA:16,15
LF:4
LH:4
BRF:0
BRH:0
end_of_record
TN:
SF:utils\logActivity.js
FN:3,(anonymous_0)
FNF:1
FNH:1
FNDA:24,(anonymous_0)
DA:1,15
DA:3,15
DA:9,24
DA:17,15
LF:4
LH:4
BRDA:6,0,0,0
BRDA:7,1,0,0
BRF:2
BRH:0
end_of_record
TN:
SF:validators\studentValidator.js
FNF:0
FNH:0
DA:1,15
DA:3,15
LF:2
LH:2
BRF:0
BRH:0
end_of_record
