TN:
SF:app.js
FN:24,(anonymous_0)
FN:35,(anonymous_1)
FN:39,(anonymous_2)
FNF:3
FNH:1
FNDA:0,(anonymous_0)
FNDA:32,(anonymous_1)
FNDA:0,(anonymous_2)
DA:1,16
DA:2,16
DA:3,16
DA:4,16
DA:5,16
DA:6,16
DA:7,16
DA:8,16
DA:9,16
DA:10,16
DA:11,16
DA:12,16
DA:13,16
DA:15,16
DA:17,16
DA:19,16
DA:20,16
DA:21,16
DA:22,16
DA:24,16
DA:25,0
DA:32,16
DA:35,16
DA:36,32
DA:39,16
DA:40,0
DA:45,16
DA:47,16
DA:49,16
LF:29
LH:27
BRF:0
BRH:0
end_of_record
TN:
SF:config\env.js
FN:3,(anonymous_0)
FNF:1
FNH:1
FNDA:48,(anonymous_0)
DA:1,16
DA:3,16
DA:4,48
DA:5,0
LF:4
LH:3
BRDA:4,0,0,0
BRDA:4,0,1,48
BRF:2
BRH:1
end_of_record
TN:
SF:config\swagger.js
FNF:0
FNH:0
DA:1,16
DA:5,16
DA:89,16
LF:3
LH:3
BRF:0
BRH:0
end_of_record
TN:
SF:confiq\Db.js
FN:9,(anonymous_0)
FNF:1
FNH:1
FNDA:16,(anonymous_0)
DA:1,16
DA:2,16
DA:5,16
DA:9,16
DA:10,16
DA:11,16
DA:12,16
DA:16,0
DA:17,0
DA:21,16
LF:10
LH:8
BRDA:5,0,0,16
BRDA:5,0,1,0
BRDA:13,1,0,16
BRDA:13,1,1,0
BRF:4
BRH:2
end_of_record
TN:
SF:controllers\authController.js
FN:6,(anonymous_0)
FN:65,(anonymous_1)
FNF:2
FNH:2
FNDA:13,(anonymous_0)
FNDA:54,(anonymous_1)
DA:1,16
DA:2,16
DA:3,16
DA:4,16
DA:6,16
DA:7,13
DA:8,13
DA:10,13
DA:11,2
DA:17,11
DA:19,11
DA:20,1
DA:26,10
DA:28,10
DA:34,10
DA:46,10
DA:58,0
DA:65,16
DA:66,54
DA:67,54
DA:70,54
DA:71,1
DA:78,53
DA:82,53
DA:83,5
DA:90,48
DA:92,48
DA:93,0
DA:99,48
DA:101,48
DA:113,0
LF:31
LH:28
BRDA:10,0,0,2
BRDA:10,0,1,11
BRDA:10,1,0,13
BRDA:10,1,1,12
BRDA:10,1,2,11
BRDA:19,2,0,1
BRDA:19,2,1,10
BRDA:70,3,0,1
BRDA:70,3,1,53
BRDA:70,4,0,54
BRDA:70,4,1,53
BRDA:82,5,0,5
BRDA:82,5,1,48
BRDA:92,6,0,0
BRDA:92,6,1,48
BRF:15
BRH:14
end_of_record
TN:
SF:controllers\studentcontroller.js
FN:10,(anonymous_0)
FN:72,(anonymous_1)
FN:98,(anonymous_2)
FN:119,(anonymous_3)
FN:155,(anonymous_4)
FN:184,(anonymous_5)
FN:212,(anonymous_6)
FN:226,(anonymous_7)
FN:258,(anonymous_8)
FN:298,(anonymous_9)
FN:430,(anonymous_10)
FN:439,(anonymous_11)
FN:477,(anonymous_12)
FN:491,(anonymous_13)
FN:508,(anonymous_14)
FNF:15
FNH:8
FNDA:22,(anonymous_0)
FNDA:3,(anonymous_1)
FNDA:1,(anonymous_2)
FNDA:3,(anonymous_3)
FNDA:2,(anonymous_4)
FNDA:0,(anonymous_5)
FNDA:0,(anonymous_6)
FNDA:3,(anonymous_7)
FNDA:1,(anonymous_8)
FNDA:0,(anonymous_9)
FNDA:0,(anonymous_10)
FNDA:0,(anonymous_11)
FNDA:0,(anonymous_12)
FNDA:1,(anonymous_13)
FNDA:0,(anonymous_14)
DA:1,16
DA:2,16
DA:3,16
DA:4,16
DA:5,16
DA:6,16
DA:7,16
DA:8,16
DA:10,16
DA:21,22
DA:23,22
DA:34,22
DA:35,0
DA:36,0
DA:39,22
DA:42,22
DA:58,22
DA:65,22
DA:72,16
DA:73,3
DA:74,3
DA:76,3
DA:78,3
DA:82,3
DA:86,3
DA:98,16
DA:99,1
DA:101,1
DA:108,1
DA:109,0
DA:110,0
DA:113,1
DA:119,16
DA:120,3
DA:122,3
DA:124,3
DA:136,3
DA:137,1
DA:138,1
DA:141,2
DA:148,2
DA:155,16
DA:156,2
DA:158,2
DA:164,2
DA:165,1
DA:166,1
DA:169,1
DA:176,1
DA:178,1
DA:184,16
DA:185,0
DA:187,0
DA:200,0
DA:206,0
DA:207,0
DA:208,0
DA:212,16
DA:213,0
DA:219,0
DA:226,16
DA:227,3
DA:229,3
DA:233,3
DA:235,3
DA:236,2
DA:244,1
DA:258,16
DA:259,1
DA:261,1
DA:265,1
DA:269,1
DA:274,1
DA:279,1
DA:284,1
DA:298,16
DA:299,0
DA:301,0
DA:303,0
DA:305,0
DA:308,0
DA:310,0
DA:311,0
DA:313,0
DA:324,0
DA:327,0
DA:335,0
DA:340,0
DA:344,0
DA:345,0
DA:354,0
DA:358,0
DA:369,0
DA:370,0
DA:380,0
DA:384,0
DA:387,0
DA:403,0
DA:411,0
DA:417,0
DA:430,16
DA:432,0
DA:439,0
DA:454,0
DA:457,0
DA:460,0
DA:463,0
DA:465,0
DA:467,0
DA:474,0
DA:477,16
DA:478,0
DA:482,0
DA:491,16
DA:492,1
DA:496,1
DA:497,0
DA:503,1
DA:508,16
DA:509,0
DA:514,0
DA:515,0
DA:522,0
LF:123
LH:71
BRDA:34,0,0,0
BRDA:34,0,1,22
BRDA:73,1,0,3
BRDA:73,1,1,2
BRDA:74,2,0,3
BRDA:74,2,1,2
BRDA:108,3,0,0
BRDA:108,3,1,1
BRDA:136,4,0,1
BRDA:136,4,1,2
BRDA:164,5,0,1
BRDA:164,5,1,1
BRDA:206,6,0,0
BRDA:206,6,1,0
BRDA:235,7,0,2
BRDA:235,7,1,1
BRDA:235,8,0,3
BRDA:235,8,1,2
BRDA:327,9,0,0
BRDA:327,9,1,0
BRDA:328,10,0,0
BRDA:328,10,1,0
BRDA:328,10,2,0
BRDA:328,10,3,0
BRDA:328,10,4,0
BRDA:328,10,5,0
BRDA:344,11,0,0
BRDA:344,11,1,0
BRDA:369,12,0,0
BRDA:369,12,1,0
BRDA:496,13,0,0
BRDA:496,13,1,1
BRDA:514,14,0,0
BRDA:514,14,1,0
BRF:34
BRH:15
end_of_record
TN:
SF:middleware\authMiddleware.js
FN:4,(anonymous_0)
FNF:1
FNH:1
FNDA:63,(anonymous_0)
DA:1,16
DA:2,16
DA:4,16
DA:5,63
DA:8,63
DA:12,59
DA:15,63
DA:16,4
DA:22,59
DA:24,55
DA:26,55
DA:27,0
DA:33,55
DA:35,55
DA:37,4
LF:15
LH:14
BRDA:8,0,0,59
BRDA:8,0,1,4
BRDA:9,1,0,63
BRDA:9,1,1,60
BRDA:15,2,0,4
BRDA:15,2,1,59
BRDA:26,3,0,0
BRDA:26,3,1,55
BRF:8
BRH:7
end_of_record
TN:
SF:middleware\authorize.js
FN:1,(anonymous_0)
FN:2,(anonymous_1)
FNF:2
FNH:2
FNDA:16,(anonymous_0)
FNDA:16,(anonymous_1)
DA:1,16
DA:2,16
DA:4,16
DA:5,3
DA:11,13
LF:5
LH:5
BRDA:4,0,0,3
BRDA:4,0,1,13
BRF:2
BRH:2
end_of_record
TN:
SF:middleware\errorHandler.js
FN:1,(anonymous_0)
FNF:1
FNH:1
FNDA:5,(anonymous_0)
DA:1,16
DA:2,5
DA:4,5
LF:3
LH:3
BRDA:2,0,0,0
BRDA:2,0,1,5
BRDA:7,1,0,0
BRDA:7,1,1,5
BRF:4
BRH:2
end_of_record
TN:
SF:middleware\rateLimiter.js
FN:27,(anonymous_0)
FNF:1
FNH:1
FNDA:6,(anonymous_0)
DA:1,16
DA:3,16
DA:15,16
DA:27,6
LF:4
LH:4
BRF:0
BRH:0
end_of_record
TN:
SF:middleware\uploadMiddlewear.js
FN:4,(anonymous_0)
FN:8,(anonymous_1)
FN:15,(anonymous_2)
FNF:3
FNH:0
FNDA:0,(anonymous_0)
FNDA:0,(anonymous_1)
FNDA:0,(anonymous_2)
DA:1,16
DA:3,16
DA:5,0
DA:9,0
DA:13,16
DA:16,0
DA:21,0
DA:22,0
DA:24,0
DA:29,16
LF:10
LH:4
BRDA:21,0,0,0
BRDA:21,0,1,0
BRF:2
BRH:0
end_of_record
TN:
SF:middleware\validateRequest.js
FN:1,(anonymous_0)
FN:2,(anonymous_1)
FN:12,(anonymous_2)
FNF:3
FNH:3
FNDA:16,(anonymous_0)
FNDA:25,(anonymous_1)
FNDA:3,(anonymous_2)
DA:1,16
DA:2,16
DA:3,25
DA:8,25
DA:9,3
DA:10,3
DA:12,3
DA:17,22
LF:8
LH:8
BRDA:8,0,0,3
BRDA:8,0,1,22
BRF:2
BRH:2
end_of_record
TN:
SF:models\Admin.js
FNF:0
FNH:0
DA:1,16
DA:3,16
DA:37,16
DA:39,16
LF:4
LH:4
BRDA:37,0,0,16
BRDA:37,0,1,16
BRF:2
BRH:2
end_of_record
TN:
SF:models\activityLog.js
FNF:0
FNH:0
DA:1,16
DA:3,16
DA:31,16
DA:33,16
LF:4
LH:4
BRF:0
BRH:0
end_of_record
TN:
SF:models\counter.js
FNF:0
FNH:0
DA:1,16
DA:3,16
DA:15,16
DA:16,16
LF:4
LH:4
BRF:0
BRH:0
end_of_record
TN:
SF:models\student.js
FNF:0
FNH:0
DA:1,16
DA:3,16
DA:91,16
DA:92,16
LF:4
LH:4
BRF:0
BRH:0
end_of_record
TN:
SF:routes\authRoute.js
FNF:0
FNH:0
DA:1,16
DA:2,16
DA:3,16
DA:4,16
DA:5,16
DA:7,16
DA:8,16
DA:16,16
DA:172,16
LF:9
LH:9
BRDA:168,0,0,15
BRDA:168,0,1,1
BRF:2
BRH:2
end_of_record
TN:
SF:routes\studentsRoutes.js
FNF:0
FNH:0
DA:1,16
DA:17,16
DA:18,16
DA:19,16
DA:20,16
DA:21,16
DA:23,16
DA:25,16
DA:31,16
DA:78,16
DA:79,16
DA:80,16
DA:81,16
DA:82,16
DA:126,16
DA:127,16
DA:152,16
DA:191,16
DA:216,16
DA:217,16
DA:218,16
DA:220,16
LF:22
LH:22
BRF:0
BRH:0
end_of_record
TN:
SF:test\helpers\setupAdmin.js
FN:6,(anonymous_0)
FNF:1
FNH:1
FNDA:6,(anonymous_0)
DA:1,3
DA:2,3
DA:3,3
DA:4,3
DA:6,3
DA:8,6
DA:10,6
DA:12,6
DA:19,6
DA:26,6
DA:29,6
DA:31,6
DA:41,6
DA:48,6
DA:50,6
DA:54,3
LF:16
LH:16
BRF:0
BRH:0
end_of_record
TN:
SF:utils\generateStudentId.js
FN:3,(anonymous_0)
FNF:1
FNH:1
FNDA:22,(anonymous_0)
DA:1,16
DA:3,16
DA:4,22
DA:13,22
DA:15,22
DA:17,22
DA:20,16
LF:7
LH:7
BRF:0
BRH:0
end_of_record
TN:
SF:utils\generateStudentSlip.js
FN:5,(anonymous_0)
FN:23,(anonymous_1)
FN:30,(anonymous_2)
FNF:3
FNH:3
FNDA:1,(anonymous_0)
FNDA:2,(anonymous_1)
FNDA:9,(anonymous_2)
DA:1,16
DA:2,16
DA:3,16
DA:5,16
DA:6,1
DA:11,1
DA:12,1
DA:17,1
DA:23,1
DA:24,2
DA:30,1
DA:31,9
DA:38,9
DA:42,9
DA:49,1
DA:51,1
DA:55,1
DA:61,1
DA:68,1
DA:74,1
DA:80,1
DA:85,1
DA:91,1
DA:93,1
DA:98,1
DA:100,1
DA:105,1
DA:110,1
DA:112,1
DA:114,1
DA:116,1
DA:122,1
DA:124,1
DA:129,1
DA:135,1
DA:145,1
DA:147,1
DA:157,1
DA:163,1
DA:165,1
DA:166,1
DA:168,1
DA:169,1
DA:171,1
DA:177,1
DA:185,1
DA:187,1
DA:189,1
DA:191,1
DA:197,1
DA:202,1
DA:205,16
LF:52
LH:52
BRDA:40,0,0,9
BRDA:40,0,1,0
BRDA:95,1,0,1
BRDA:95,1,1,1
BRF:4
BRH:3
end_of_record
TN:
SF:utils\generateToken.js
FN:3,(anonymous_0)
FNF:1
FNH:1
FNDA:48,(anonymous_0)
DA:1,16
DA:3,16
DA:4,48
DA:16,16
LF:4
LH:4
BRF:0
BRH:0
end_of_record
TN:
SF:utils\logActivity.js
FN:3,(anonymous_0)
FNF:1
FNH:1
FNDA:25,(anonymous_0)
DA:1,16
DA:3,16
DA:9,25
DA:17,16
LF:4
LH:4
BRDA:6,0,0,0
BRDA:7,1,0,0
BRF:2
BRH:0
end_of_record
TN:
SF:validators\studentValidator.js
FNF:0
FNH:0
DA:1,16
DA:3,16
LF:2
LH:2
BRF:0
BRH:0
end_of_record
